[08.06.2024](23:51:33) [dbg:raknet:initialize] module initializing...
[08.06.2024](23:51:33) [dbg:raknet:initialize] module initialized
[08.06.2024](23:51:33)  -------------------------------------------    
[08.06.2024](23:51:33)    ___                __   __    _              
[08.06.2024](23:51:33)   / __| __ _ _ __  _ _\ \ / /__ (_) __ ___    
[08.06.2024](23:51:33)   \__ \/ _` | '  \| '_ \   / _ \| |/ _/ -_)
[08.06.2024](23:51:33)   |___/\__,_|_|_|_| .__/\_/\___/|_|\__\___|
[08.06.2024](23:51:33)                   |_|                           
[08.06.2024](23:51:33)  -------------------------------------------    
[08.06.2024](23:51:33)            SampVoice by MOR loaded              
[08.06.2024](23:51:33)  -------------------------------------------    
[08.06.2024](23:51:40)  ------------------------------------------
[08.06.2024](23:51:40)            SampVoice unloading...          
[08.06.2024](23:51:40)  ------------------------------------------
[08.06.2024](23:51:40) [dbg:raknet:deinitialize] module releasing...
[08.06.2024](23:52:04) [dbg:raknet:initialize] module initializing...
[08.06.2024](23:52:04) [dbg:raknet:initialize] module initialized
[08.06.2024](23:52:04)  -------------------------------------------    
[08.06.2024](23:52:04)    ___                __   __    _              
[08.06.2024](23:52:04)   / __| __ _ _ __  _ _\ \ / /__ (_) __ ___    
[08.06.2024](23:52:04)   \__ \/ _` | '  \| '_ \   / _ \| |/ _/ -_)
[08.06.2024](23:52:04)   |___/\__,_|_|_|_| .__/\_/\___/|_|\__\___|
[08.06.2024](23:52:04)                   |_|                           
[08.06.2024](23:52:04)  -------------------------------------------    
[08.06.2024](23:52:04)            SampVoice by MOR loaded              
[08.06.2024](23:52:04)  -------------------------------------------    
[08.06.2024](23:52:12)  ------------------------------------------
[08.06.2024](23:52:12)            SampVoice unloading...          
[08.06.2024](23:52:12)  ------------------------------------------
[08.06.2024](23:52:12) [dbg:raknet:deinitialize] module releasing...
[08.06.2024](23:54:02) [dbg:raknet:initialize] module initializing...
[08.06.2024](23:54:03) [dbg:raknet:initialize] module initialized
[08.06.2024](23:54:03)  -------------------------------------------    
[08.06.2024](23:54:03)    ___                __   __    _              
[08.06.2024](23:54:03)   / __| __ _ _ __  _ _\ \ / /__ (_) __ ___    
[08.06.2024](23:54:03)   \__ \/ _` | '  \| '_ \   / _ \| |/ _/ -_)
[08.06.2024](23:54:03)   |___/\__,_|_|_|_| .__/\_/\___/|_|\__\___|
[08.06.2024](23:54:03)                   |_|                           
[08.06.2024](23:54:03)  -------------------------------------------    
[08.06.2024](23:54:03)            SampVoice by MOR loaded              
[08.06.2024](23:54:03)  -------------------------------------------    
[08.06.2024](23:54:07)  ------------------------------------------
[08.06.2024](23:55:05) [dbg:raknet:initialize] module initializing...
[08.06.2024](23:55:05) [dbg:raknet:initialize] module initialized
[08.06.2024](23:55:05)  -------------------------------------------    
[08.06.2024](23:55:05)    ___                __   __    _              
[08.06.2024](23:55:05)   / __| __ _ _ __  _ _\ \ / /__ (_) __ ___    
[08.06.2024](23:55:05)   \__ \/ _` | '  \| '_ \   / _ \| |/ _/ -_)
[08.06.2024](23:55:05)   |___/\__,_|_|_|_| .__/\_/\___/|_|\__\___|
[08.06.2024](23:55:05)                   |_|                           
[08.06.2024](23:55:05)  -------------------------------------------    
[08.06.2024](23:55:05)            SampVoice edit by KhNguyenZ          
[08.06.2024](23:55:05)       https://www.facebook.com/KhNguyenZ.Dev     
[08.06.2024](23:55:05)  -------------------------------------------    
[08.06.2024](23:55:58)  ------------------------------------------
[08.06.2024](23:56:06) [dbg:raknet:initialize] module initializing...
[08.06.2024](23:56:06) [dbg:raknet:initialize] module initialized
[08.06.2024](23:56:06)  -------------------------------------------    
[08.06.2024](23:56:06)    ___                __   __    _              
[08.06.2024](23:56:06)   / __| __ _ _ __  _ _\ \ / /__ (_) __ ___    
[08.06.2024](23:56:06)   \__ \/ _` | '  \| '_ \   / _ \| |/ _/ -_)
[08.06.2024](23:56:06)   |___/\__,_|_|_|_| .__/\_/\___/|_|\__\___|
[08.06.2024](23:56:06)                   |_|                           
[08.06.2024](23:56:06)  -------------------------------------------    
[08.06.2024](23:56:06)            SampVoice edit by KhNguyenZ          
[08.06.2024](23:56:06)       https://www.facebook.com/KhNguyenZ.Dev     
[08.06.2024](23:56:06)  -------------------------------------------    
[08.06.2024](23:57:44)  ------------------------------------------
[08.06.2024](23:57:44)            SampVoice unloading...          
[08.06.2024](23:57:44)  ------------------------------------------
[08.06.2024](23:57:44) [dbg:raknet:deinitialize] module releasing...
[08.06.2024](23:57:44) [dbg:raknet:deinitialize] module released
