[04/28/24 22:51:48] [ERROR] Discord terminated websocket connection; reason: Disallowed intent(s). (4014)
[04/28/24 22:51:48] [ERROR] Can't write to Discord websocket gateway: The I/O operation has been aborted because of either a thread exit or an application request (995)
[04/28/24 22:52:08] [ERROR] DCC_SendChannelMessage: invalid channel id '-557711298'
[04/28/24 22:52:28] [ERROR] Can't write to Discord websocket gateway: The I/O operation has been aborted because of either a thread exit or an application request (995)
[04/28/24 22:53:08] [ERROR] Discord terminated websocket connection; reason: Disallowed intent(s). (4014)
[04/28/24 22:53:08] [ERROR] Can't write to Discord websocket gateway: The I/O operation has been aborted because of either a thread exit or an application request (995)
[04/28/24 22:53:49] [ERROR] Can't write to Discord websocket gateway: The I/O operation has been aborted because of either a thread exit or an application request (995)
[04/28/24 22:54:29] [ERROR] Discord terminated websocket connection; reason: Disallowed intent(s). (4014)
[04/28/24 22:54:29] [ERROR] Can't write to Discord websocket gateway: The I/O operation has been aborted because of either a thread exit or an application request (995)
[04/28/24 22:54:45] [ERROR] Discord terminated websocket connection; reason: Disallowed intent(s). (4014)
[04/28/24 22:54:45] [ERROR] Can't write to Discord websocket gateway: The I/O operation has been aborted because of either a thread exit or an application request (995)
[04/28/24 22:55:06] [ERROR] DCC_SendChannelMessage: invalid channel id '-557711298'
[04/28/24 22:55:26] [ERROR] Can't write to Discord websocket gateway: The I/O operation has been aborted because of either a thread exit or an application request (995)
[04/28/24 22:56:06] [ERROR] Discord terminated websocket connection; reason: Disallowed intent(s). (4014)
[04/28/24 22:56:06] [ERROR] Can't write to Discord websocket gateway: The I/O operation has been aborted because of either a thread exit or an application request (995)
[04/28/24 22:56:17] [ERROR] DCC_SendChannelMessage: invalid channel id '-557711298'
[04/28/24 22:56:54] [ERROR] DCC_SendChannelMessage: invalid channel id '-557711298'
[04/28/24 22:57:50] [ERROR] DCC_SendChannelMessage: invalid channel id '-557711298'
[04/28/24 22:58:07] [ERROR] DCC_SendChannelMessage: invalid channel id '-557711298'
[04/28/24 22:58:55] [ERROR] DCC_SendChannelMessage: invalid channel id '-826015723'
[04/28/24 22:59:30] [ERROR] DCC_SendChannelMessage: invalid channel id '-826015723'
[04/28/24 23:01:44] [WARNING] Unknown gateway event 'GUILD_AUDIT_LOG_ENTRY_CREATE'
[04/28/24 23:02:27] [ERROR] DCC_SendChannelMessage: invalid channel id '-826015723'
[04/28/24 23:02:31] [ERROR] DCC_SendChannelMessage: invalid channel id '-826015723'
[04/28/24 23:04:38] [ERROR] DCC_SendChannelMessage: invalid channel id '-826015723'
[04/28/24 23:04:43] [ERROR] DCC_SendChannelMessage: invalid channel id '-826015723'
[04/28/24 23:04:49] [ERROR] DCC_SendChannelMessage: invalid channel id '-826015723'
[04/28/24 23:05:08] [ERROR] DCC_SendChannelMessage: invalid channel id '-826015723'
[04/28/24 23:05:10] [ERROR] DCC_SendChannelMessage: invalid channel id '-826015723'
[04/28/24 23:10:58] [ERROR] DCC_GetGuildId: invalid guild id '-826015723'
[04/28/24 23:12:41] [ERROR] DCC_GetGuildId: invalid guild id '-826015723'
[04/28/24 23:13:07] [ERROR] DCC_GetGuildId: invalid guild id '-826015723'
[04/28/24 23:13:51] [WARNING] Unknown gateway event 'GUILD_AUDIT_LOG_ENTRY_CREATE'
[04/28/24 23:31:48] [ERROR] DCC_GetGuildId: invalid guild id '-826015723'
[04/28/24 23:32:07] [ERROR] DCC_GetGuildId: invalid guild id '-826015723'
[04/28/24 23:40:13] [ERROR] DCC_GetGuildId: invalid guild id '-826015723'
[04/28/24 23:41:01] [ERROR] DCC_GetGuildId: invalid guild id '-826015723'
[04/28/24 23:41:48] [WARNING] Unknown gateway event 'GUILD_AUDIT_LOG_ENTRY_CREATE'
[04/28/24 23:43:59] [WARNING] Unknown gateway event 'GUILD_AUDIT_LOG_ENTRY_CREATE'
[04/28/24 23:44:22] [WARNING] Unknown gateway event 'GUILD_AUDIT_LOG_ENTRY_CREATE'
[04/29/24 00:15:14] [WARNING] Unknown gateway event 'GUILD_AUDIT_LOG_ENTRY_CREATE'
[04/29/24 00:15:34] [WARNING] Unknown gateway event 'GUILD_AUDIT_LOG_ENTRY_CREATE'
[04/29/24 01:22:57] [WARNING] Unknown gateway event 'GUILD_AUDIT_LOG_ENTRY_CREATE'
[04/29/24 01:35:13] [WARNING] Unknown gateway event 'GUILD_AUDIT_LOG_ENTRY_CREATE'
[04/29/24 01:35:26] [WARNING] Unknown gateway event 'GUILD_AUDIT_LOG_ENTRY_CREATE'
[04/29/24 02:30:00] [ERROR] DCC_GetUserName: invalid user id '0'
[04/29/24 02:30:40] [ERROR] DCC_GetUserName: invalid user id '0'
[04/29/24 02:32:31] [ERROR] DCC_GetUserName: invalid user id '0'
[04/29/24 02:33:22] [ERROR] DCC_GetUserName: invalid user id '0'
[04/29/24 02:33:38] [ERROR] DCC_GetUserName: invalid user id '0'
[04/29/24 02:35:18] [ERROR] DCC_GetUserName: invalid user id '0'
[04/29/24 02:35:21] [ERROR] DCC_GetUserName: invalid user id '0'
[04/29/24 12:42:34] [ERROR] DCC_CreatePrivateChannel: could not prepare callback
[04/29/24 12:44:03] [ERROR] DCC_CreatePrivateChannel: could not prepare callback
[04/29/24 12:44:23] [ERROR] DCC_CreatePrivateChannel: could not prepare callback
[04/29/24 12:46:54] [ERROR] DCC_CreatePrivateChannel: could not prepare callback
[04/29/24 12:48:19] [ERROR] DCC_CreatePrivateChannel: could not prepare callback
[04/29/24 13:04:54] [ERROR] Error while retrieving HTTP POST response from '/api/v8/channels/1234168206118354965/messages': end of stream
[04/29/24 13:15:10] [ERROR] Can't write to Discord websocket gateway: The I/O operation has been aborted because of either a thread exit or an application request (995)
[04/29/24 13:18:58] [WARNING] Unknown gateway event 'GUILD_AUDIT_LOG_ENTRY_CREATE'
[04/29/24 13:19:09] [WARNING] Unknown gateway event 'GUILD_AUDIT_LOG_ENTRY_CREATE'
[04/29/24 14:03:43] [WARNING] Unknown gateway event 'GUILD_AUDIT_LOG_ENTRY_CREATE'
[04/29/24 14:44:24] [WARNING] Unknown gateway event 'GUILD_AUDIT_LOG_ENTRY_CREATE'
[04/29/24 16:18:23] [ERROR] Can't write to Discord websocket gateway: The I/O operation has been aborted because of either a thread exit or an application request (995)
[04/29/24 22:15:55] [ERROR] Can't read from Discord websocket gateway: An existing connection was forcibly closed by the remote host (10054)
[04/30/24 00:30:45] [ERROR] Can't read from Discord websocket gateway: End of file (2)
[04/30/24 00:30:45] [ERROR] Can't write to Discord websocket gateway: The I/O operation has been aborted because of either a thread exit or an application request (995)
[04/30/24 01:43:56] [ERROR] Can't write to Discord websocket gateway: The I/O operation has been aborted because of either a thread exit or an application request (995)
[04/30/24 06:43:32] [ERROR] Can't write to Discord websocket gateway: The I/O operation has been aborted because of either a thread exit or an application request (995)
[04/30/24 07:22:53] [ERROR] Can't write to Discord websocket gateway: The I/O operation has been aborted because of either a thread exit or an application request (995)
[04/30/24 09:45:50] [ERROR] Can't write to Discord websocket gateway: The I/O operation has been aborted because of either a thread exit or an application request (995)
