[12/08/2024 11:16:57 CH] [ERROR] cache_get_value_name_int: value 'NULL' is not a number
[12/08/2024 11:16:57 CH] [ERROR] cache_get_value_name_int: value 'NULL' is not a number
[12/08/2024 11:16:57 CH] [ERROR] cache_get_value_name_int: value 'NULL' is not a number
[12/08/2024 11:16:57 CH] [ERROR] cache_get_value_name_int: value 'NULL' is not a number
[12/08/2024 11:16:57 CH] [ERROR] cache_get_value_name_int: value 'NULL' is not a number
[12/08/2024 11:16:57 CH] [ERROR] cache_get_value_name_int: value 'NULL' is not a number
[12/08/2024 11:16:57 CH] [ERROR] cache_get_value_name_int: value 'NULL' is not a number
[12/08/2024 11:16:57 CH] [ERROR] cache_get_value_name_int: value 'NULL' is not a number
[12/08/2024 11:16:57 CH] [ERROR] cache_get_value_name_int: value 'NULL' is not a number
[12/08/2024 11:16:57 CH] [ERROR] cache_get_value_name_int: value 'NULL' is not a number
[12/08/2024 11:16:57 CH] [ERROR] cache_get_value_name_int: value 'NULL' is not a number
[12/08/2024 11:16:57 CH] [ERROR] cache_get_value_name_int: value 'NULL' is not a number
[12/08/2024 11:16:57 CH] [ERROR] cache_get_value_name_int: value 'NULL' is not a number
[12/08/2024 11:16:57 CH] [ERROR] cache_get_value_name_int: value 'NULL' is not a number
[12/08/2024 11:16:57 CH] [ERROR] cache_get_value_name_int: value 'NULL' is not a number
[12/08/2024 11:16:57 CH] [ERROR] cache_get_value_name_int: value 'NULL' is not a number
[12/08/2024 11:16:57 CH] [ERROR] cache_get_value_name_int: value 'NULL' is not a number
[12/08/2024 11:16:57 CH] [ERROR] cache_get_value_name_int: value 'NULL' is not a number
[12/08/2024 11:16:57 CH] [ERROR] cache_get_value_name_int: value 'NULL' is not a number
[12/08/2024 11:16:57 CH] [ERROR] cache_get_value_name_int: value 'NULL' is not a number
[12/08/2024 11:16:57 CH] [ERROR] cache_get_value_name_int: value 'NULL' is not a number
[12/08/2024 11:16:57 CH] [ERROR] cache_get_value_name_int: value 'NULL' is not a number
[12/08/2024 11:16:57 CH] [ERROR] cache_get_value_name_int: value 'NULL' is not a number
[12/08/2024 11:16:57 CH] [ERROR] cache_get_value_name_int: value 'NULL' is not a number
[12/08/2024 11:16:57 CH] [ERROR] cache_get_value_name_int: value 'NULL' is not a number
[12/08/2024 11:16:57 CH] [ERROR] cache_get_value_name_int: value 'NULL' is not a number
[12/08/2024 11:16:57 CH] [ERROR] cache_get_value_name_int: value 'NULL' is not a number
[12/08/2024 11:16:57 CH] [ERROR] cache_get_value_name_int: value 'NULL' is not a number
[12/08/2024 11:16:57 CH] [ERROR] cache_get_value_name_int: value 'NULL' is not a number
[12/08/2024 11:16:57 CH] [ERROR] cache_get_value_name_int: value 'NULL' is not a number
[12/08/2024 11:16:57 CH] [ERROR] cache_get_value_name_int: value 'NULL' is not a number
[12/08/2024 11:16:57 CH] [ERROR] cache_get_value_name_int: value 'NULL' is not a number
[12/08/2024 11:16:57 CH] [ERROR] cache_get_value_name_int: value 'NULL' is not a number
[12/08/2024 11:16:57 CH] [ERROR] cache_get_value_name_int: value 'NULL' is not a number
[12/08/2024 11:16:57 CH] [ERROR] cache_get_value_name_int: value 'NULL' is not a number
[12/08/2024 11:16:57 CH] [ERROR] cache_get_value_name_int: value 'NULL' is not a number
[12/08/2024 11:16:57 CH] [ERROR] cache_get_value_name_float: value 'NULL' is not a number
[12/08/2024 11:16:57 CH] [ERROR] cache_get_value_name_float: value 'NULL' is not a number
[12/08/2024 11:16:57 CH] [ERROR] cache_get_value_name_float: value 'NULL' is not a number
[12/08/2024 11:16:57 CH] [ERROR] cache_get_value_name_int: value 'NULL' is not a number
[12/08/2024 11:16:57 CH] [ERROR] cache_get_value_name_int: value 'NULL' is not a number
[12/08/2024 11:16:57 CH] [ERROR] cache_get_value_name_int: value 'NULL' is not a number
[12/08/2024 11:16:57 CH] [ERROR] cache_get_value_name_int: value 'NULL' is not a number
[12/08/2024 11:16:57 CH] [ERROR] cache_get_value_name_int: value 'NULL' is not a number
[12/08/2024 11:18:34 CH] [ERROR] mysql_format: invalid connection handle '0'
[12/08/2024 11:18:34 CH] [ERROR] mysql_tquery: invalid connection handle '0'
[12/08/2024 11:18:34 CH] [ERROR] mysql_format: invalid connection handle '0'
[12/08/2024 11:18:34 CH] [ERROR] mysql_query: invalid connection handle '0'
[12/08/2024 11:18:34 CH] [ERROR] cache_get_row_count: no active cache
[12/08/2024 11:18:34 CH] [ERROR] cache_delete: invalid cache id '0'
[12/08/2024 11:18:34 CH] [ERROR] mysql_format: invalid connection handle '0'
[12/08/2024 11:18:34 CH] [ERROR] error #1065 while executing query "": Query was empty
[12/08/2024 11:18:34 CH] [ERROR] cache_get_row_count: no active cache
[12/08/2024 11:18:34 CH] [ERROR] cache_delete: invalid cache id '0'
[12/08/2024 11:24:04 CH] [ERROR] mysql_format: invalid connection handle '0'
[12/08/2024 11:24:04 CH] [ERROR] mysql_tquery: invalid connection handle '0'
[12/08/2024 11:24:04 CH] [ERROR] mysql_format: invalid connection handle '0'
[12/08/2024 11:24:04 CH] [ERROR] mysql_query: invalid connection handle '0'
[12/08/2024 11:24:04 CH] [ERROR] cache_get_row_count: no active cache
[12/08/2024 11:24:04 CH] [ERROR] cache_delete: invalid cache id '0'
[12/08/2024 11:24:04 CH] [ERROR] mysql_format: invalid connection handle '0'
[12/08/2024 11:24:04 CH] [ERROR] error #1065 while executing query "": Query was empty
[12/08/2024 11:24:04 CH] [ERROR] cache_get_row_count: no active cache
[12/08/2024 11:24:04 CH] [ERROR] cache_delete: invalid cache id '0'
[12/08/2024 11:28:53 CH] [ERROR] mysql_format: invalid connection handle '0'
[12/08/2024 11:28:53 CH] [ERROR] mysql_query: invalid connection handle '0'
[12/08/2024 11:28:53 CH] [ERROR] cache_get_row_count: no active cache
[12/08/2024 11:28:53 CH] [ERROR] cache_delete: invalid cache id '0'
[12/08/2024 11:28:53 CH] [ERROR] mysql_format: invalid connection handle '0'
[12/08/2024 11:28:53 CH] [ERROR] error #1065 while executing query "": Query was empty
[12/08/2024 11:28:53 CH] [ERROR] cache_get_row_count: no active cache
[12/08/2024 11:28:53 CH] [ERROR] cache_delete: invalid cache id '0'
[12/08/2024 11:31:16 CH] [ERROR] cache_get_value_name_int: value 'NULL' is not a number
[12/08/2024 11:31:16 CH] [ERROR] cache_get_value_name_int: value 'NULL' is not a number
[12/08/2024 11:31:16 CH] [ERROR] cache_get_value_name_int: value 'NULL' is not a number
[12/08/2024 11:31:16 CH] [ERROR] cache_get_value_name_int: value 'NULL' is not a number
[12/08/2024 11:31:16 CH] [ERROR] cache_get_value_name_int: value 'NULL' is not a number
[12/08/2024 11:31:16 CH] [ERROR] cache_get_value_name_int: value 'NULL' is not a number
[12/08/2024 11:31:16 CH] [ERROR] cache_get_value_name_int: value 'NULL' is not a number
[12/08/2024 11:31:16 CH] [ERROR] cache_get_value_name_int: value 'NULL' is not a number
[12/08/2024 11:31:16 CH] [ERROR] cache_get_value_name_int: value 'NULL' is not a number
[12/08/2024 11:31:16 CH] [ERROR] cache_get_value_name_int: value 'NULL' is not a number
[12/08/2024 11:31:16 CH] [ERROR] cache_get_value_name_int: value 'NULL' is not a number
[12/08/2024 11:31:16 CH] [ERROR] cache_get_value_name_int: value 'NULL' is not a number
[12/08/2024 11:31:16 CH] [ERROR] cache_get_value_name_int: value 'NULL' is not a number
[12/08/2024 11:31:16 CH] [ERROR] cache_get_value_name_int: value 'NULL' is not a number
[12/08/2024 11:31:16 CH] [ERROR] cache_get_value_name_int: value 'NULL' is not a number
[12/08/2024 11:31:16 CH] [ERROR] cache_get_value_name_int: value 'NULL' is not a number
[12/08/2024 11:31:16 CH] [ERROR] cache_get_value_name_int: value 'NULL' is not a number
[12/08/2024 11:31:16 CH] [ERROR] cache_get_value_name_int: value 'NULL' is not a number
[12/08/2024 11:31:16 CH] [ERROR] cache_get_value_name_int: value 'NULL' is not a number
[12/08/2024 11:31:16 CH] [ERROR] cache_get_value_name_int: value 'NULL' is not a number
[12/08/2024 11:31:16 CH] [ERROR] cache_get_value_name_int: value 'NULL' is not a number
[12/08/2024 11:31:16 CH] [ERROR] cache_get_value_name_int: value 'NULL' is not a number
[12/08/2024 11:31:16 CH] [ERROR] cache_get_value_name_int: value 'NULL' is not a number
[12/08/2024 11:31:16 CH] [ERROR] cache_get_value_name_int: value 'NULL' is not a number
[12/08/2024 11:31:16 CH] [ERROR] cache_get_value_name_int: value 'NULL' is not a number
[12/08/2024 11:31:16 CH] [ERROR] cache_get_value_name_int: value 'NULL' is not a number
[12/08/2024 11:31:16 CH] [ERROR] cache_get_value_name_int: value 'NULL' is not a number
[12/08/2024 11:31:16 CH] [ERROR] cache_get_value_name_int: value 'NULL' is not a number
[12/08/2024 11:31:16 CH] [ERROR] cache_get_value_name_int: value 'NULL' is not a number
[12/08/2024 11:31:16 CH] [ERROR] cache_get_value_name_int: value 'NULL' is not a number
[12/08/2024 11:31:16 CH] [ERROR] cache_get_value_name_int: value 'NULL' is not a number
[12/08/2024 11:31:16 CH] [ERROR] cache_get_value_name_int: value 'NULL' is not a number
[12/08/2024 11:31:16 CH] [ERROR] cache_get_value_name_int: value 'NULL' is not a number
[12/08/2024 11:31:16 CH] [ERROR] cache_get_value_name_int: value 'NULL' is not a number
[12/08/2024 11:31:16 CH] [ERROR] cache_get_value_name_int: value 'NULL' is not a number
[12/08/2024 11:31:16 CH] [ERROR] cache_get_value_name_int: value 'NULL' is not a number
[12/08/2024 11:31:16 CH] [ERROR] cache_get_value_name_float: value 'NULL' is not a number
[12/08/2024 11:31:16 CH] [ERROR] cache_get_value_name_float: value 'NULL' is not a number
[12/08/2024 11:31:16 CH] [ERROR] cache_get_value_name_float: value 'NULL' is not a number
[12/08/2024 11:31:16 CH] [ERROR] cache_get_value_name_int: value 'NULL' is not a number
[12/08/2024 11:31:16 CH] [ERROR] cache_get_value_name_int: value 'NULL' is not a number
[12/08/2024 11:31:16 CH] [ERROR] cache_get_value_name_int: value 'NULL' is not a number
[12/08/2024 11:31:16 CH] [ERROR] cache_get_value_name_int: value 'NULL' is not a number
[12/08/2024 11:31:16 CH] [ERROR] cache_get_value_name_int: value 'NULL' is not a number
[12/08/2024 11:37:18 CH] [ERROR] cache_get_value_name_int: value 'NULL' is not a number
[12/08/2024 11:37:18 CH] [ERROR] cache_get_value_name_int: value 'NULL' is not a number
[12/08/2024 11:37:18 CH] [ERROR] cache_get_value_name_int: value 'NULL' is not a number
[12/08/2024 11:37:18 CH] [ERROR] cache_get_value_name_int: value 'NULL' is not a number
[12/08/2024 11:37:18 CH] [ERROR] cache_get_value_name_int: value 'NULL' is not a number
[12/08/2024 11:37:18 CH] [ERROR] cache_get_value_name_int: value 'NULL' is not a number
[12/08/2024 11:37:18 CH] [ERROR] cache_get_value_name_int: value 'NULL' is not a number
[12/08/2024 11:37:18 CH] [ERROR] cache_get_value_name_int: value 'NULL' is not a number
[12/08/2024 11:37:18 CH] [ERROR] cache_get_value_name_int: value 'NULL' is not a number
[12/08/2024 11:37:18 CH] [ERROR] cache_get_value_name_int: value 'NULL' is not a number
[12/08/2024 11:37:18 CH] [ERROR] cache_get_value_name_int: value 'NULL' is not a number
[12/08/2024 11:37:18 CH] [ERROR] cache_get_value_name_int: value 'NULL' is not a number
[12/08/2024 11:37:18 CH] [ERROR] cache_get_value_name_int: value 'NULL' is not a number
[12/08/2024 11:37:18 CH] [ERROR] cache_get_value_name_int: value 'NULL' is not a number
[12/08/2024 11:37:18 CH] [ERROR] cache_get_value_name_int: value 'NULL' is not a number
[12/08/2024 11:37:18 CH] [ERROR] cache_get_value_name_int: value 'NULL' is not a number
[12/08/2024 11:37:18 CH] [ERROR] cache_get_value_name_int: value 'NULL' is not a number
[12/08/2024 11:37:18 CH] [ERROR] cache_get_value_name_int: value 'NULL' is not a number
[12/08/2024 11:37:18 CH] [ERROR] cache_get_value_name_int: value 'NULL' is not a number
[12/08/2024 11:37:18 CH] [ERROR] cache_get_value_name_int: value 'NULL' is not a number
[12/08/2024 11:37:18 CH] [ERROR] cache_get_value_name_int: value 'NULL' is not a number
[12/08/2024 11:37:18 CH] [ERROR] cache_get_value_name_int: value 'NULL' is not a number
[12/08/2024 11:37:18 CH] [ERROR] cache_get_value_name_int: value 'NULL' is not a number
[12/08/2024 11:37:18 CH] [ERROR] cache_get_value_name_int: value 'NULL' is not a number
[12/08/2024 11:37:18 CH] [ERROR] cache_get_value_name_int: value 'NULL' is not a number
[12/08/2024 11:37:18 CH] [ERROR] cache_get_value_name_int: value 'NULL' is not a number
[12/08/2024 11:37:18 CH] [ERROR] cache_get_value_name_int: value 'NULL' is not a number
[12/08/2024 11:37:18 CH] [ERROR] cache_get_value_name_int: value 'NULL' is not a number
[12/08/2024 11:37:18 CH] [ERROR] cache_get_value_name_int: value 'NULL' is not a number
[12/08/2024 11:37:18 CH] [ERROR] cache_get_value_name_int: value 'NULL' is not a number
[12/08/2024 11:37:18 CH] [ERROR] cache_get_value_name_int: value 'NULL' is not a number
[12/08/2024 11:37:18 CH] [ERROR] cache_get_value_name_int: value 'NULL' is not a number
[12/08/2024 11:37:18 CH] [ERROR] cache_get_value_name_int: value 'NULL' is not a number
[12/08/2024 11:37:18 CH] [ERROR] cache_get_value_name_int: value 'NULL' is not a number
[12/08/2024 11:37:18 CH] [ERROR] cache_get_value_name_int: value 'NULL' is not a number
[12/08/2024 11:37:18 CH] [ERROR] cache_get_value_name_int: value 'NULL' is not a number
[12/08/2024 11:37:18 CH] [ERROR] cache_get_value_name_float: value 'NULL' is not a number
[12/08/2024 11:37:18 CH] [ERROR] cache_get_value_name_float: value 'NULL' is not a number
[12/08/2024 11:37:18 CH] [ERROR] cache_get_value_name_float: value 'NULL' is not a number
[12/08/2024 11:37:18 CH] [ERROR] cache_get_value_name_int: value 'NULL' is not a number
[12/08/2024 11:37:18 CH] [ERROR] cache_get_value_name_int: value 'NULL' is not a number
[12/08/2024 11:37:18 CH] [ERROR] cache_get_value_name_int: value 'NULL' is not a number
[12/08/2024 11:37:18 CH] [ERROR] cache_get_value_name_int: value 'NULL' is not a number
[12/08/2024 11:37:18 CH] [ERROR] cache_get_value_name_int: value 'NULL' is not a number
[12/08/2024 11:39:55 CH] [ERROR] cache_get_value_name_int: value 'NULL' is not a number
[12/08/2024 11:39:55 CH] [ERROR] cache_get_value_name_int: value 'NULL' is not a number
[12/08/2024 11:39:55 CH] [ERROR] cache_get_value_name_int: value 'NULL' is not a number
[12/08/2024 11:39:55 CH] [ERROR] cache_get_value_name_int: value 'NULL' is not a number
[12/08/2024 11:39:55 CH] [ERROR] cache_get_value_name_int: value 'NULL' is not a number
[12/08/2024 11:39:55 CH] [ERROR] cache_get_value_name_int: value 'NULL' is not a number
[12/08/2024 11:39:55 CH] [ERROR] cache_get_value_name_int: value 'NULL' is not a number
[12/08/2024 11:39:55 CH] [ERROR] cache_get_value_name_int: value 'NULL' is not a number
[12/08/2024 11:39:55 CH] [ERROR] cache_get_value_name_int: value 'NULL' is not a number
[12/08/2024 11:39:55 CH] [ERROR] cache_get_value_name_int: value 'NULL' is not a number
[12/08/2024 11:39:55 CH] [ERROR] cache_get_value_name_int: value 'NULL' is not a number
[12/08/2024 11:39:55 CH] [ERROR] cache_get_value_name_int: value 'NULL' is not a number
[12/08/2024 11:39:55 CH] [ERROR] cache_get_value_name_int: value 'NULL' is not a number
[12/08/2024 11:39:55 CH] [ERROR] cache_get_value_name_int: value 'NULL' is not a number
[12/08/2024 11:39:55 CH] [ERROR] cache_get_value_name_int: value 'NULL' is not a number
[12/08/2024 11:39:55 CH] [ERROR] cache_get_value_name_int: value 'NULL' is not a number
[12/08/2024 11:39:55 CH] [ERROR] cache_get_value_name_int: value 'NULL' is not a number
[12/08/2024 11:39:55 CH] [ERROR] cache_get_value_name_int: value 'NULL' is not a number
[12/08/2024 11:39:55 CH] [ERROR] cache_get_value_name_int: value 'NULL' is not a number
[12/08/2024 11:39:55 CH] [ERROR] cache_get_value_name_int: value 'NULL' is not a number
[12/08/2024 11:39:55 CH] [ERROR] cache_get_value_name_int: value 'NULL' is not a number
[12/08/2024 11:39:55 CH] [ERROR] cache_get_value_name_int: value 'NULL' is not a number
[12/08/2024 11:39:55 CH] [ERROR] cache_get_value_name_int: value 'NULL' is not a number
[12/08/2024 11:39:55 CH] [ERROR] cache_get_value_name_int: value 'NULL' is not a number
[12/08/2024 11:39:55 CH] [ERROR] cache_get_value_name_int: value 'NULL' is not a number
[12/08/2024 11:39:55 CH] [ERROR] cache_get_value_name_int: value 'NULL' is not a number
[12/08/2024 11:39:55 CH] [ERROR] cache_get_value_name_int: value 'NULL' is not a number
[12/08/2024 11:39:55 CH] [ERROR] cache_get_value_name_int: value 'NULL' is not a number
[12/08/2024 11:39:55 CH] [ERROR] cache_get_value_name_int: value 'NULL' is not a number
[12/08/2024 11:39:55 CH] [ERROR] cache_get_value_name_int: value 'NULL' is not a number
[12/08/2024 11:39:55 CH] [ERROR] cache_get_value_name_int: value 'NULL' is not a number
[12/08/2024 11:39:55 CH] [ERROR] cache_get_value_name_int: value 'NULL' is not a number
[12/08/2024 11:39:55 CH] [ERROR] cache_get_value_name_int: value 'NULL' is not a number
[12/08/2024 11:39:55 CH] [ERROR] cache_get_value_name_int: value 'NULL' is not a number
[12/08/2024 11:39:55 CH] [ERROR] cache_get_value_name_int: value 'NULL' is not a number
[12/08/2024 11:39:55 CH] [ERROR] cache_get_value_name_int: value 'NULL' is not a number
[12/08/2024 11:39:55 CH] [ERROR] cache_get_value_name_float: value 'NULL' is not a number
[12/08/2024 11:39:55 CH] [ERROR] cache_get_value_name_float: value 'NULL' is not a number
[12/08/2024 11:39:55 CH] [ERROR] cache_get_value_name_float: value 'NULL' is not a number
[12/08/2024 11:39:55 CH] [ERROR] cache_get_value_name_int: value 'NULL' is not a number
[12/08/2024 11:39:55 CH] [ERROR] cache_get_value_name_int: value 'NULL' is not a number
[12/08/2024 11:39:55 CH] [ERROR] cache_get_value_name_int: value 'NULL' is not a number
[12/08/2024 11:39:55 CH] [ERROR] cache_get_value_name_int: value 'NULL' is not a number
[12/08/2024 11:39:55 CH] [ERROR] cache_get_value_name_int: value 'NULL' is not a number
[12/08/2024 11:46:00 CH] [ERROR] cache_get_value_name_int: value 'NULL' is not a number
[12/08/2024 11:46:00 CH] [ERROR] cache_get_value_name_int: value 'NULL' is not a number
[12/08/2024 11:46:00 CH] [ERROR] cache_get_value_name_int: value 'NULL' is not a number
[12/08/2024 11:46:00 CH] [ERROR] cache_get_value_name_int: value 'NULL' is not a number
[12/08/2024 11:46:00 CH] [ERROR] cache_get_value_name_int: value 'NULL' is not a number
[12/08/2024 11:46:00 CH] [ERROR] cache_get_value_name_int: value 'NULL' is not a number
[12/08/2024 11:46:00 CH] [ERROR] cache_get_value_name_int: value 'NULL' is not a number
[12/08/2024 11:46:00 CH] [ERROR] cache_get_value_name_int: value 'NULL' is not a number
[12/08/2024 11:46:00 CH] [ERROR] cache_get_value_name_int: value 'NULL' is not a number
[12/08/2024 11:46:00 CH] [ERROR] cache_get_value_name_int: value 'NULL' is not a number
[12/08/2024 11:46:00 CH] [ERROR] cache_get_value_name_int: value 'NULL' is not a number
[12/08/2024 11:46:00 CH] [ERROR] cache_get_value_name_int: value 'NULL' is not a number
[12/08/2024 11:46:00 CH] [ERROR] cache_get_value_name_int: value 'NULL' is not a number
[12/08/2024 11:46:00 CH] [ERROR] cache_get_value_name_int: value 'NULL' is not a number
[12/08/2024 11:46:00 CH] [ERROR] cache_get_value_name_int: value 'NULL' is not a number
[12/08/2024 11:46:00 CH] [ERROR] cache_get_value_name_int: value 'NULL' is not a number
[12/08/2024 11:46:00 CH] [ERROR] cache_get_value_name_int: value 'NULL' is not a number
[12/08/2024 11:46:00 CH] [ERROR] cache_get_value_name_int: value 'NULL' is not a number
[12/08/2024 11:46:00 CH] [ERROR] cache_get_value_name_int: value 'NULL' is not a number
[12/08/2024 11:46:00 CH] [ERROR] cache_get_value_name_int: value 'NULL' is not a number
[12/08/2024 11:46:00 CH] [ERROR] cache_get_value_name_int: value 'NULL' is not a number
[12/08/2024 11:46:00 CH] [ERROR] cache_get_value_name_int: value 'NULL' is not a number
[12/08/2024 11:46:00 CH] [ERROR] cache_get_value_name_int: value 'NULL' is not a number
[12/08/2024 11:46:00 CH] [ERROR] cache_get_value_name_int: value 'NULL' is not a number
[12/08/2024 11:46:00 CH] [ERROR] cache_get_value_name_int: value 'NULL' is not a number
[12/08/2024 11:46:00 CH] [ERROR] cache_get_value_name_int: value 'NULL' is not a number
[12/08/2024 11:46:00 CH] [ERROR] cache_get_value_name_int: value 'NULL' is not a number
[12/08/2024 11:46:00 CH] [ERROR] cache_get_value_name_int: value 'NULL' is not a number
[12/08/2024 11:46:00 CH] [ERROR] cache_get_value_name_int: value 'NULL' is not a number
[12/08/2024 11:46:00 CH] [ERROR] cache_get_value_name_int: value 'NULL' is not a number
[12/08/2024 11:46:00 CH] [ERROR] cache_get_value_name_int: value 'NULL' is not a number
[12/08/2024 11:46:00 CH] [ERROR] cache_get_value_name_int: value 'NULL' is not a number
[12/08/2024 11:46:00 CH] [ERROR] cache_get_value_name_int: value 'NULL' is not a number
[12/08/2024 11:46:00 CH] [ERROR] cache_get_value_name_int: value 'NULL' is not a number
[12/08/2024 11:46:00 CH] [ERROR] cache_get_value_name_int: value 'NULL' is not a number
[12/08/2024 11:46:00 CH] [ERROR] cache_get_value_name_int: value 'NULL' is not a number
[12/08/2024 11:46:00 CH] [ERROR] cache_get_value_name_float: value 'NULL' is not a number
[12/08/2024 11:46:00 CH] [ERROR] cache_get_value_name_float: value 'NULL' is not a number
[12/08/2024 11:46:00 CH] [ERROR] cache_get_value_name_float: value 'NULL' is not a number
[12/08/2024 11:46:00 CH] [ERROR] cache_get_value_name_int: value 'NULL' is not a number
[12/08/2024 11:46:00 CH] [ERROR] cache_get_value_name_int: value 'NULL' is not a number
[12/08/2024 11:46:00 CH] [ERROR] cache_get_value_name_int: value 'NULL' is not a number
[12/08/2024 11:46:00 CH] [ERROR] cache_get_value_name_int: value 'NULL' is not a number
[12/08/2024 11:46:00 CH] [ERROR] cache_get_value_name_int: value 'NULL' is not a number
[12/08/2024 11:47:19 CH] [ERROR] cache_get_value_name_int: value 'NULL' is not a number
[12/08/2024 11:47:19 CH] [ERROR] cache_get_value_name_int: value 'NULL' is not a number
[12/08/2024 11:47:19 CH] [ERROR] cache_get_value_name_int: value 'NULL' is not a number
[12/08/2024 11:47:19 CH] [ERROR] cache_get_value_name_int: value 'NULL' is not a number
[12/08/2024 11:47:19 CH] [ERROR] cache_get_value_name_int: value 'NULL' is not a number
[12/08/2024 11:47:19 CH] [ERROR] cache_get_value_name_int: value 'NULL' is not a number
[12/08/2024 11:47:19 CH] [ERROR] cache_get_value_name_int: value 'NULL' is not a number
[12/08/2024 11:47:19 CH] [ERROR] cache_get_value_name_int: value 'NULL' is not a number
[12/08/2024 11:47:19 CH] [ERROR] cache_get_value_name_int: value 'NULL' is not a number
[12/08/2024 11:47:19 CH] [ERROR] cache_get_value_name_int: value 'NULL' is not a number
[12/08/2024 11:47:19 CH] [ERROR] cache_get_value_name_int: value 'NULL' is not a number
[12/08/2024 11:47:19 CH] [ERROR] cache_get_value_name_int: value 'NULL' is not a number
[12/08/2024 11:47:19 CH] [ERROR] cache_get_value_name_int: value 'NULL' is not a number
[12/08/2024 11:47:19 CH] [ERROR] cache_get_value_name_int: value 'NULL' is not a number
[12/08/2024 11:47:19 CH] [ERROR] cache_get_value_name_int: value 'NULL' is not a number
[12/08/2024 11:47:19 CH] [ERROR] cache_get_value_name_int: value 'NULL' is not a number
[12/08/2024 11:47:19 CH] [ERROR] cache_get_value_name_int: value 'NULL' is not a number
[12/08/2024 11:47:19 CH] [ERROR] cache_get_value_name_int: value 'NULL' is not a number
[12/08/2024 11:47:19 CH] [ERROR] cache_get_value_name_int: value 'NULL' is not a number
[12/08/2024 11:47:19 CH] [ERROR] cache_get_value_name_int: value 'NULL' is not a number
[12/08/2024 11:47:19 CH] [ERROR] cache_get_value_name_int: value 'NULL' is not a number
[12/08/2024 11:47:19 CH] [ERROR] cache_get_value_name_int: value 'NULL' is not a number
[12/08/2024 11:47:19 CH] [ERROR] cache_get_value_name_int: value 'NULL' is not a number
[12/08/2024 11:47:19 CH] [ERROR] cache_get_value_name_int: value 'NULL' is not a number
[12/08/2024 11:47:19 CH] [ERROR] cache_get_value_name_int: value 'NULL' is not a number
[12/08/2024 11:47:19 CH] [ERROR] cache_get_value_name_int: value 'NULL' is not a number
[12/08/2024 11:47:19 CH] [ERROR] cache_get_value_name_int: value 'NULL' is not a number
[12/08/2024 11:47:19 CH] [ERROR] cache_get_value_name_int: value 'NULL' is not a number
[12/08/2024 11:47:19 CH] [ERROR] cache_get_value_name_int: value 'NULL' is not a number
[12/08/2024 11:47:19 CH] [ERROR] cache_get_value_name_int: value 'NULL' is not a number
[12/08/2024 11:47:19 CH] [ERROR] cache_get_value_name_int: value 'NULL' is not a number
[12/08/2024 11:47:19 CH] [ERROR] cache_get_value_name_int: value 'NULL' is not a number
[12/08/2024 11:47:19 CH] [ERROR] cache_get_value_name_int: value 'NULL' is not a number
[12/08/2024 11:47:19 CH] [ERROR] cache_get_value_name_int: value 'NULL' is not a number
[12/08/2024 11:47:19 CH] [ERROR] cache_get_value_name_int: value 'NULL' is not a number
[12/08/2024 11:47:19 CH] [ERROR] cache_get_value_name_int: value 'NULL' is not a number
[12/08/2024 11:47:19 CH] [ERROR] cache_get_value_name_float: value 'NULL' is not a number
[12/08/2024 11:47:19 CH] [ERROR] cache_get_value_name_float: value 'NULL' is not a number
[12/08/2024 11:47:19 CH] [ERROR] cache_get_value_name_float: value 'NULL' is not a number
[12/08/2024 11:47:19 CH] [ERROR] cache_get_value_name_int: value 'NULL' is not a number
[12/08/2024 11:47:19 CH] [ERROR] cache_get_value_name_int: value 'NULL' is not a number
[12/08/2024 11:47:19 CH] [ERROR] cache_get_value_name_int: value 'NULL' is not a number
[12/08/2024 11:47:19 CH] [ERROR] cache_get_value_name_int: value 'NULL' is not a number
[12/08/2024 11:47:19 CH] [ERROR] cache_get_value_name_int: value 'NULL' is not a number
[12/08/2024 11:47:37 CH] [ERROR] cache_get_value_name_int: value 'NULL' is not a number
[12/08/2024 11:47:37 CH] [ERROR] cache_get_value_name_int: value 'NULL' is not a number
[12/08/2024 11:47:37 CH] [ERROR] cache_get_value_name_int: value 'NULL' is not a number
[12/08/2024 11:47:37 CH] [ERROR] cache_get_value_name_int: value 'NULL' is not a number
[12/08/2024 11:47:37 CH] [ERROR] cache_get_value_name_int: value 'NULL' is not a number
[12/08/2024 11:47:37 CH] [ERROR] cache_get_value_name_int: value 'NULL' is not a number
[12/08/2024 11:47:37 CH] [ERROR] cache_get_value_name_int: value 'NULL' is not a number
[12/08/2024 11:47:37 CH] [ERROR] cache_get_value_name_int: value 'NULL' is not a number
[12/08/2024 11:47:37 CH] [ERROR] cache_get_value_name_int: value 'NULL' is not a number
[12/08/2024 11:47:37 CH] [ERROR] cache_get_value_name_int: value 'NULL' is not a number
[12/08/2024 11:47:37 CH] [ERROR] cache_get_value_name_int: value 'NULL' is not a number
[12/08/2024 11:47:37 CH] [ERROR] cache_get_value_name_int: value 'NULL' is not a number
[12/08/2024 11:47:37 CH] [ERROR] cache_get_value_name_int: value 'NULL' is not a number
[12/08/2024 11:47:37 CH] [ERROR] cache_get_value_name_int: value 'NULL' is not a number
[12/08/2024 11:47:37 CH] [ERROR] cache_get_value_name_int: value 'NULL' is not a number
[12/08/2024 11:47:37 CH] [ERROR] cache_get_value_name_int: value 'NULL' is not a number
[12/08/2024 11:47:37 CH] [ERROR] cache_get_value_name_int: value 'NULL' is not a number
[12/08/2024 11:47:37 CH] [ERROR] cache_get_value_name_int: value 'NULL' is not a number
[12/08/2024 11:47:37 CH] [ERROR] cache_get_value_name_int: value 'NULL' is not a number
[12/08/2024 11:47:37 CH] [ERROR] cache_get_value_name_int: value 'NULL' is not a number
[12/08/2024 11:47:37 CH] [ERROR] cache_get_value_name_int: value 'NULL' is not a number
[12/08/2024 11:47:37 CH] [ERROR] cache_get_value_name_int: value 'NULL' is not a number
[12/08/2024 11:47:37 CH] [ERROR] cache_get_value_name_int: value 'NULL' is not a number
[12/08/2024 11:47:37 CH] [ERROR] cache_get_value_name_int: value 'NULL' is not a number
[12/08/2024 11:47:37 CH] [ERROR] cache_get_value_name_int: value 'NULL' is not a number
[12/08/2024 11:47:37 CH] [ERROR] cache_get_value_name_int: value 'NULL' is not a number
[12/08/2024 11:47:37 CH] [ERROR] cache_get_value_name_int: value 'NULL' is not a number
[12/08/2024 11:47:37 CH] [ERROR] cache_get_value_name_int: value 'NULL' is not a number
[12/08/2024 11:47:37 CH] [ERROR] cache_get_value_name_int: value 'NULL' is not a number
[12/08/2024 11:47:37 CH] [ERROR] cache_get_value_name_int: value 'NULL' is not a number
[12/08/2024 11:47:37 CH] [ERROR] cache_get_value_name_int: value 'NULL' is not a number
[12/08/2024 11:47:37 CH] [ERROR] cache_get_value_name_int: value 'NULL' is not a number
[12/08/2024 11:47:37 CH] [ERROR] cache_get_value_name_int: value 'NULL' is not a number
[12/08/2024 11:47:37 CH] [ERROR] cache_get_value_name_int: value 'NULL' is not a number
[12/08/2024 11:47:37 CH] [ERROR] cache_get_value_name_int: value 'NULL' is not a number
[12/08/2024 11:47:37 CH] [ERROR] cache_get_value_name_int: value 'NULL' is not a number
[12/08/2024 11:47:37 CH] [ERROR] cache_get_value_name_float: value 'NULL' is not a number
[12/08/2024 11:47:37 CH] [ERROR] cache_get_value_name_float: value 'NULL' is not a number
[12/08/2024 11:47:37 CH] [ERROR] cache_get_value_name_float: value 'NULL' is not a number
[12/08/2024 11:47:37 CH] [ERROR] cache_get_value_name_int: value 'NULL' is not a number
[12/08/2024 11:47:37 CH] [ERROR] cache_get_value_name_int: value 'NULL' is not a number
[12/08/2024 11:47:37 CH] [ERROR] cache_get_value_name_int: value 'NULL' is not a number
[12/08/2024 11:47:37 CH] [ERROR] cache_get_value_name_int: value 'NULL' is not a number
[12/08/2024 11:47:37 CH] [ERROR] cache_get_value_name_int: value 'NULL' is not a number
[12/08/2024 11:49:30 CH] [ERROR] cache_get_value_name_int: value 'NULL' is not a number
[12/08/2024 11:49:30 CH] [ERROR] cache_get_value_name_int: value 'NULL' is not a number
[12/08/2024 11:49:30 CH] [ERROR] cache_get_value_name_int: value 'NULL' is not a number
[12/08/2024 11:49:30 CH] [ERROR] cache_get_value_name_int: value 'NULL' is not a number
[12/08/2024 11:49:30 CH] [ERROR] cache_get_value_name_int: value 'NULL' is not a number
[12/08/2024 11:49:30 CH] [ERROR] cache_get_value_name_int: value 'NULL' is not a number
[12/08/2024 11:49:30 CH] [ERROR] cache_get_value_name_int: value 'NULL' is not a number
[12/08/2024 11:49:30 CH] [ERROR] cache_get_value_name_int: value 'NULL' is not a number
[12/08/2024 11:49:30 CH] [ERROR] cache_get_value_name_int: value 'NULL' is not a number
[12/08/2024 11:49:30 CH] [ERROR] cache_get_value_name_int: value 'NULL' is not a number
[12/08/2024 11:49:30 CH] [ERROR] cache_get_value_name_int: value 'NULL' is not a number
[12/08/2024 11:49:30 CH] [ERROR] cache_get_value_name_int: value 'NULL' is not a number
[12/08/2024 11:49:30 CH] [ERROR] cache_get_value_name_int: value 'NULL' is not a number
[12/08/2024 11:49:30 CH] [ERROR] cache_get_value_name_int: value 'NULL' is not a number
[12/08/2024 11:49:30 CH] [ERROR] cache_get_value_name_int: value 'NULL' is not a number
[12/08/2024 11:49:30 CH] [ERROR] cache_get_value_name_int: value 'NULL' is not a number
[12/08/2024 11:49:30 CH] [ERROR] cache_get_value_name_int: value 'NULL' is not a number
[12/08/2024 11:49:30 CH] [ERROR] cache_get_value_name_int: value 'NULL' is not a number
[12/08/2024 11:49:30 CH] [ERROR] cache_get_value_name_int: value 'NULL' is not a number
[12/08/2024 11:49:30 CH] [ERROR] cache_get_value_name_int: value 'NULL' is not a number
[12/08/2024 11:49:30 CH] [ERROR] cache_get_value_name_int: value 'NULL' is not a number
[12/08/2024 11:49:30 CH] [ERROR] cache_get_value_name_int: value 'NULL' is not a number
[12/08/2024 11:49:30 CH] [ERROR] cache_get_value_name_int: value 'NULL' is not a number
[12/08/2024 11:49:30 CH] [ERROR] cache_get_value_name_int: value 'NULL' is not a number
[12/08/2024 11:49:30 CH] [ERROR] cache_get_value_name_int: value 'NULL' is not a number
[12/08/2024 11:49:30 CH] [ERROR] cache_get_value_name_int: value 'NULL' is not a number
[12/08/2024 11:49:30 CH] [ERROR] cache_get_value_name_int: value 'NULL' is not a number
[12/08/2024 11:49:30 CH] [ERROR] cache_get_value_name_int: value 'NULL' is not a number
[12/08/2024 11:49:30 CH] [ERROR] cache_get_value_name_int: value 'NULL' is not a number
[12/08/2024 11:49:30 CH] [ERROR] cache_get_value_name_int: value 'NULL' is not a number
[12/08/2024 11:49:30 CH] [ERROR] cache_get_value_name_int: value 'NULL' is not a number
[12/08/2024 11:49:30 CH] [ERROR] cache_get_value_name_int: value 'NULL' is not a number
[12/08/2024 11:49:30 CH] [ERROR] cache_get_value_name_int: value 'NULL' is not a number
[12/08/2024 11:49:30 CH] [ERROR] cache_get_value_name_int: value 'NULL' is not a number
[12/08/2024 11:49:30 CH] [ERROR] cache_get_value_name_int: value 'NULL' is not a number
[12/08/2024 11:49:30 CH] [ERROR] cache_get_value_name_int: value 'NULL' is not a number
[12/08/2024 11:49:30 CH] [ERROR] cache_get_value_name_float: value 'NULL' is not a number
[12/08/2024 11:49:30 CH] [ERROR] cache_get_value_name_float: value 'NULL' is not a number
[12/08/2024 11:49:30 CH] [ERROR] cache_get_value_name_float: value 'NULL' is not a number
[12/08/2024 11:49:30 CH] [ERROR] cache_get_value_name_int: value 'NULL' is not a number
[12/08/2024 11:49:30 CH] [ERROR] cache_get_value_name_int: value 'NULL' is not a number
[12/08/2024 11:49:30 CH] [ERROR] cache_get_value_name_int: value 'NULL' is not a number
[12/08/2024 11:49:30 CH] [ERROR] cache_get_value_name_int: value 'NULL' is not a number
[12/08/2024 11:49:30 CH] [ERROR] cache_get_value_name_int: value 'NULL' is not a number
[12/08/2024 11:57:22 CH] [ERROR] cache_get_value_name_int: value 'NULL' is not a number
[12/08/2024 11:57:22 CH] [ERROR] cache_get_value_name_int: value 'NULL' is not a number
[12/08/2024 11:57:22 CH] [ERROR] cache_get_value_name_int: value 'NULL' is not a number
[12/08/2024 11:57:22 CH] [ERROR] cache_get_value_name_int: value 'NULL' is not a number
[12/08/2024 11:57:22 CH] [ERROR] cache_get_value_name_int: value 'NULL' is not a number
[12/08/2024 11:57:22 CH] [ERROR] cache_get_value_name_int: value 'NULL' is not a number
[12/08/2024 11:57:22 CH] [ERROR] cache_get_value_name_int: value 'NULL' is not a number
[12/08/2024 11:57:22 CH] [ERROR] cache_get_value_name_int: value 'NULL' is not a number
[12/08/2024 11:57:22 CH] [ERROR] cache_get_value_name_int: value 'NULL' is not a number
[12/08/2024 11:57:22 CH] [ERROR] cache_get_value_name_int: value 'NULL' is not a number
[12/08/2024 11:57:22 CH] [ERROR] cache_get_value_name_int: value 'NULL' is not a number
[12/08/2024 11:57:22 CH] [ERROR] cache_get_value_name_int: value 'NULL' is not a number
[12/08/2024 11:57:22 CH] [ERROR] cache_get_value_name_int: value 'NULL' is not a number
[12/08/2024 11:57:22 CH] [ERROR] cache_get_value_name_int: value 'NULL' is not a number
[12/08/2024 11:57:22 CH] [ERROR] cache_get_value_name_int: value 'NULL' is not a number
[12/08/2024 11:57:22 CH] [ERROR] cache_get_value_name_int: value 'NULL' is not a number
[12/08/2024 11:57:22 CH] [ERROR] cache_get_value_name_int: value 'NULL' is not a number
[12/08/2024 11:57:22 CH] [ERROR] cache_get_value_name_int: value 'NULL' is not a number
[12/08/2024 11:57:22 CH] [ERROR] cache_get_value_name_int: value 'NULL' is not a number
[12/08/2024 11:57:22 CH] [ERROR] cache_get_value_name_int: value 'NULL' is not a number
[12/08/2024 11:57:22 CH] [ERROR] cache_get_value_name_int: value 'NULL' is not a number
[12/08/2024 11:57:22 CH] [ERROR] cache_get_value_name_int: value 'NULL' is not a number
[12/08/2024 11:57:22 CH] [ERROR] cache_get_value_name_int: value 'NULL' is not a number
[12/08/2024 11:57:22 CH] [ERROR] cache_get_value_name_int: value 'NULL' is not a number
[12/08/2024 11:57:22 CH] [ERROR] cache_get_value_name_int: value 'NULL' is not a number
[12/08/2024 11:57:22 CH] [ERROR] cache_get_value_name_int: value 'NULL' is not a number
[12/08/2024 11:57:22 CH] [ERROR] cache_get_value_name_int: value 'NULL' is not a number
[12/08/2024 11:57:22 CH] [ERROR] cache_get_value_name_int: value 'NULL' is not a number
[12/08/2024 11:57:22 CH] [ERROR] cache_get_value_name_int: value 'NULL' is not a number
[12/08/2024 11:57:22 CH] [ERROR] cache_get_value_name_int: value 'NULL' is not a number
[12/08/2024 11:57:22 CH] [ERROR] cache_get_value_name_int: value 'NULL' is not a number
[12/08/2024 11:57:22 CH] [ERROR] cache_get_value_name_int: value 'NULL' is not a number
[12/08/2024 11:57:22 CH] [ERROR] cache_get_value_name_int: value 'NULL' is not a number
[12/08/2024 11:57:22 CH] [ERROR] cache_get_value_name_int: value 'NULL' is not a number
[12/08/2024 11:57:22 CH] [ERROR] cache_get_value_name_int: value 'NULL' is not a number
[12/08/2024 11:57:22 CH] [ERROR] cache_get_value_name_int: value 'NULL' is not a number
[12/08/2024 11:57:22 CH] [ERROR] cache_get_value_name_float: value 'NULL' is not a number
[12/08/2024 11:57:22 CH] [ERROR] cache_get_value_name_float: value 'NULL' is not a number
[12/08/2024 11:57:22 CH] [ERROR] cache_get_value_name_float: value 'NULL' is not a number
[12/08/2024 11:57:22 CH] [ERROR] cache_get_value_name_int: value 'NULL' is not a number
[12/08/2024 11:57:22 CH] [ERROR] cache_get_value_name_int: value 'NULL' is not a number
[12/08/2024 11:57:22 CH] [ERROR] cache_get_value_name_int: value 'NULL' is not a number
[12/08/2024 11:57:22 CH] [ERROR] cache_get_value_name_int: value 'NULL' is not a number
[12/08/2024 11:57:22 CH] [ERROR] cache_get_value_name_int: value 'NULL' is not a number
[13/08/2024 12:01:27 SA] [ERROR] cache_get_value_name_int: value 'NULL' is not a number
[13/08/2024 12:01:27 SA] [ERROR] cache_get_value_name_int: value 'NULL' is not a number
[13/08/2024 12:01:27 SA] [ERROR] cache_get_value_name_int: value 'NULL' is not a number
[13/08/2024 12:01:27 SA] [ERROR] cache_get_value_name_int: value 'NULL' is not a number
[13/08/2024 12:01:27 SA] [ERROR] cache_get_value_name_int: value 'NULL' is not a number
[13/08/2024 12:01:27 SA] [ERROR] cache_get_value_name_int: value 'NULL' is not a number
[13/08/2024 12:01:27 SA] [ERROR] cache_get_value_name_int: value 'NULL' is not a number
[13/08/2024 12:01:27 SA] [ERROR] cache_get_value_name_int: value 'NULL' is not a number
[13/08/2024 12:01:27 SA] [ERROR] cache_get_value_name_int: value 'NULL' is not a number
[13/08/2024 12:01:27 SA] [ERROR] cache_get_value_name_int: value 'NULL' is not a number
[13/08/2024 12:01:27 SA] [ERROR] cache_get_value_name_int: value 'NULL' is not a number
[13/08/2024 12:01:27 SA] [ERROR] cache_get_value_name_int: value 'NULL' is not a number
[13/08/2024 12:01:27 SA] [ERROR] cache_get_value_name_int: value 'NULL' is not a number
[13/08/2024 12:01:27 SA] [ERROR] cache_get_value_name_int: value 'NULL' is not a number
[13/08/2024 12:01:27 SA] [ERROR] cache_get_value_name_int: value 'NULL' is not a number
[13/08/2024 12:01:27 SA] [ERROR] cache_get_value_name_int: value 'NULL' is not a number
[13/08/2024 12:01:27 SA] [ERROR] cache_get_value_name_int: value 'NULL' is not a number
[13/08/2024 12:01:27 SA] [ERROR] cache_get_value_name_int: value 'NULL' is not a number
[13/08/2024 12:01:27 SA] [ERROR] cache_get_value_name_int: value 'NULL' is not a number
[13/08/2024 12:01:27 SA] [ERROR] cache_get_value_name_int: value 'NULL' is not a number
[13/08/2024 12:01:27 SA] [ERROR] cache_get_value_name_int: value 'NULL' is not a number
[13/08/2024 12:01:27 SA] [ERROR] cache_get_value_name_int: value 'NULL' is not a number
[13/08/2024 12:01:27 SA] [ERROR] cache_get_value_name_int: value 'NULL' is not a number
[13/08/2024 12:01:27 SA] [ERROR] cache_get_value_name_int: value 'NULL' is not a number
[13/08/2024 12:01:27 SA] [ERROR] cache_get_value_name_int: value 'NULL' is not a number
[13/08/2024 12:01:27 SA] [ERROR] cache_get_value_name_int: value 'NULL' is not a number
[13/08/2024 12:01:27 SA] [ERROR] cache_get_value_name_int: value 'NULL' is not a number
[13/08/2024 12:01:27 SA] [ERROR] cache_get_value_name_int: value 'NULL' is not a number
[13/08/2024 12:01:27 SA] [ERROR] cache_get_value_name_int: value 'NULL' is not a number
[13/08/2024 12:01:27 SA] [ERROR] cache_get_value_name_int: value 'NULL' is not a number
[13/08/2024 12:01:27 SA] [ERROR] cache_get_value_name_int: value 'NULL' is not a number
[13/08/2024 12:01:27 SA] [ERROR] cache_get_value_name_int: value 'NULL' is not a number
[13/08/2024 12:01:27 SA] [ERROR] cache_get_value_name_int: value 'NULL' is not a number
[13/08/2024 12:01:27 SA] [ERROR] cache_get_value_name_int: value 'NULL' is not a number
[13/08/2024 12:01:27 SA] [ERROR] cache_get_value_name_int: value 'NULL' is not a number
[13/08/2024 12:01:27 SA] [ERROR] cache_get_value_name_int: value 'NULL' is not a number
[13/08/2024 12:01:27 SA] [ERROR] cache_get_value_name_float: value 'NULL' is not a number
[13/08/2024 12:01:27 SA] [ERROR] cache_get_value_name_float: value 'NULL' is not a number
[13/08/2024 12:01:27 SA] [ERROR] cache_get_value_name_float: value 'NULL' is not a number
[13/08/2024 12:01:27 SA] [ERROR] cache_get_value_name_int: value 'NULL' is not a number
[13/08/2024 12:01:27 SA] [ERROR] cache_get_value_name_int: value 'NULL' is not a number
[13/08/2024 12:01:27 SA] [ERROR] cache_get_value_name_int: value 'NULL' is not a number
[13/08/2024 12:01:27 SA] [ERROR] cache_get_value_name_int: value 'NULL' is not a number
[13/08/2024 12:01:27 SA] [ERROR] cache_get_value_name_int: value 'NULL' is not a number
[13/08/2024 12:03:12 SA] [ERROR] cache_get_value_name_int: value 'NULL' is not a number
[13/08/2024 12:03:12 SA] [ERROR] cache_get_value_name_int: value 'NULL' is not a number
[13/08/2024 12:03:12 SA] [ERROR] cache_get_value_name_int: value 'NULL' is not a number
[13/08/2024 12:03:12 SA] [ERROR] cache_get_value_name_int: value 'NULL' is not a number
[13/08/2024 12:03:12 SA] [ERROR] cache_get_value_name_int: value 'NULL' is not a number
[13/08/2024 12:03:12 SA] [ERROR] cache_get_value_name_int: value 'NULL' is not a number
[13/08/2024 12:03:12 SA] [ERROR] cache_get_value_name_int: value 'NULL' is not a number
[13/08/2024 12:03:12 SA] [ERROR] cache_get_value_name_int: value 'NULL' is not a number
[13/08/2024 12:03:12 SA] [ERROR] cache_get_value_name_int: value 'NULL' is not a number
[13/08/2024 12:03:12 SA] [ERROR] cache_get_value_name_int: value 'NULL' is not a number
[13/08/2024 12:03:12 SA] [ERROR] cache_get_value_name_int: value 'NULL' is not a number
[13/08/2024 12:03:12 SA] [ERROR] cache_get_value_name_int: value 'NULL' is not a number
[13/08/2024 12:03:12 SA] [ERROR] cache_get_value_name_int: value 'NULL' is not a number
[13/08/2024 12:03:12 SA] [ERROR] cache_get_value_name_int: value 'NULL' is not a number
[13/08/2024 12:03:12 SA] [ERROR] cache_get_value_name_int: value 'NULL' is not a number
[13/08/2024 12:03:12 SA] [ERROR] cache_get_value_name_int: value 'NULL' is not a number
[13/08/2024 12:03:12 SA] [ERROR] cache_get_value_name_int: value 'NULL' is not a number
[13/08/2024 12:03:12 SA] [ERROR] cache_get_value_name_int: value 'NULL' is not a number
[13/08/2024 12:03:12 SA] [ERROR] cache_get_value_name_int: value 'NULL' is not a number
[13/08/2024 12:03:12 SA] [ERROR] cache_get_value_name_int: value 'NULL' is not a number
[13/08/2024 12:03:12 SA] [ERROR] cache_get_value_name_int: value 'NULL' is not a number
[13/08/2024 12:03:12 SA] [ERROR] cache_get_value_name_int: value 'NULL' is not a number
[13/08/2024 12:03:12 SA] [ERROR] cache_get_value_name_int: value 'NULL' is not a number
[13/08/2024 12:03:12 SA] [ERROR] cache_get_value_name_int: value 'NULL' is not a number
[13/08/2024 12:03:12 SA] [ERROR] cache_get_value_name_int: value 'NULL' is not a number
[13/08/2024 12:03:12 SA] [ERROR] cache_get_value_name_int: value 'NULL' is not a number
[13/08/2024 12:03:12 SA] [ERROR] cache_get_value_name_int: value 'NULL' is not a number
[13/08/2024 12:03:12 SA] [ERROR] cache_get_value_name_int: value 'NULL' is not a number
[13/08/2024 12:03:12 SA] [ERROR] cache_get_value_name_int: value 'NULL' is not a number
[13/08/2024 12:03:12 SA] [ERROR] cache_get_value_name_int: value 'NULL' is not a number
[13/08/2024 12:03:12 SA] [ERROR] cache_get_value_name_int: value 'NULL' is not a number
[13/08/2024 12:03:12 SA] [ERROR] cache_get_value_name_int: value 'NULL' is not a number
[13/08/2024 12:03:12 SA] [ERROR] cache_get_value_name_int: value 'NULL' is not a number
[13/08/2024 12:03:12 SA] [ERROR] cache_get_value_name_int: value 'NULL' is not a number
[13/08/2024 12:03:12 SA] [ERROR] cache_get_value_name_int: value 'NULL' is not a number
[13/08/2024 12:03:12 SA] [ERROR] cache_get_value_name_int: value 'NULL' is not a number
[13/08/2024 12:03:12 SA] [ERROR] cache_get_value_name_float: value 'NULL' is not a number
[13/08/2024 12:03:12 SA] [ERROR] cache_get_value_name_float: value 'NULL' is not a number
[13/08/2024 12:03:12 SA] [ERROR] cache_get_value_name_float: value 'NULL' is not a number
[13/08/2024 12:03:12 SA] [ERROR] cache_get_value_name_int: value 'NULL' is not a number
[13/08/2024 12:03:12 SA] [ERROR] cache_get_value_name_int: value 'NULL' is not a number
[13/08/2024 12:03:12 SA] [ERROR] cache_get_value_name_int: value 'NULL' is not a number
[13/08/2024 12:03:12 SA] [ERROR] cache_get_value_name_int: value 'NULL' is not a number
[13/08/2024 12:03:12 SA] [ERROR] cache_get_value_name_int: value 'NULL' is not a number
[13/08/2024 12:04:15 SA] [ERROR] cache_get_value_name_int: value 'NULL' is not a number
[13/08/2024 12:04:15 SA] [ERROR] cache_get_value_name_int: value 'NULL' is not a number
[13/08/2024 12:04:15 SA] [ERROR] cache_get_value_name_int: value 'NULL' is not a number
[13/08/2024 12:04:15 SA] [ERROR] cache_get_value_name_int: value 'NULL' is not a number
[13/08/2024 12:04:15 SA] [ERROR] cache_get_value_name_int: value 'NULL' is not a number
[13/08/2024 12:04:15 SA] [ERROR] cache_get_value_name_int: value 'NULL' is not a number
[13/08/2024 12:04:15 SA] [ERROR] cache_get_value_name_int: value 'NULL' is not a number
[13/08/2024 12:04:15 SA] [ERROR] cache_get_value_name_int: value 'NULL' is not a number
[13/08/2024 12:04:15 SA] [ERROR] cache_get_value_name_int: value 'NULL' is not a number
[13/08/2024 12:04:15 SA] [ERROR] cache_get_value_name_int: value 'NULL' is not a number
[13/08/2024 12:04:15 SA] [ERROR] cache_get_value_name_int: value 'NULL' is not a number
[13/08/2024 12:04:15 SA] [ERROR] cache_get_value_name_int: value 'NULL' is not a number
[13/08/2024 12:04:15 SA] [ERROR] cache_get_value_name_int: value 'NULL' is not a number
[13/08/2024 12:04:15 SA] [ERROR] cache_get_value_name_int: value 'NULL' is not a number
[13/08/2024 12:04:15 SA] [ERROR] cache_get_value_name_int: value 'NULL' is not a number
[13/08/2024 12:04:15 SA] [ERROR] cache_get_value_name_int: value 'NULL' is not a number
[13/08/2024 12:04:15 SA] [ERROR] cache_get_value_name_int: value 'NULL' is not a number
[13/08/2024 12:04:15 SA] [ERROR] cache_get_value_name_int: value 'NULL' is not a number
[13/08/2024 12:04:15 SA] [ERROR] cache_get_value_name_int: value 'NULL' is not a number
[13/08/2024 12:04:15 SA] [ERROR] cache_get_value_name_int: value 'NULL' is not a number
[13/08/2024 12:04:15 SA] [ERROR] cache_get_value_name_int: value 'NULL' is not a number
[13/08/2024 12:04:15 SA] [ERROR] cache_get_value_name_int: value 'NULL' is not a number
[13/08/2024 12:04:15 SA] [ERROR] cache_get_value_name_int: value 'NULL' is not a number
[13/08/2024 12:04:15 SA] [ERROR] cache_get_value_name_int: value 'NULL' is not a number
[13/08/2024 12:04:15 SA] [ERROR] cache_get_value_name_int: value 'NULL' is not a number
[13/08/2024 12:04:15 SA] [ERROR] cache_get_value_name_int: value 'NULL' is not a number
[13/08/2024 12:04:15 SA] [ERROR] cache_get_value_name_int: value 'NULL' is not a number
[13/08/2024 12:04:15 SA] [ERROR] cache_get_value_name_int: value 'NULL' is not a number
[13/08/2024 12:04:15 SA] [ERROR] cache_get_value_name_int: value 'NULL' is not a number
[13/08/2024 12:04:15 SA] [ERROR] cache_get_value_name_int: value 'NULL' is not a number
[13/08/2024 12:04:15 SA] [ERROR] cache_get_value_name_int: value 'NULL' is not a number
[13/08/2024 12:04:15 SA] [ERROR] cache_get_value_name_int: value 'NULL' is not a number
[13/08/2024 12:04:15 SA] [ERROR] cache_get_value_name_int: value 'NULL' is not a number
[13/08/2024 12:04:15 SA] [ERROR] cache_get_value_name_int: value 'NULL' is not a number
[13/08/2024 12:04:15 SA] [ERROR] cache_get_value_name_int: value 'NULL' is not a number
[13/08/2024 12:04:15 SA] [ERROR] cache_get_value_name_int: value 'NULL' is not a number
[13/08/2024 12:04:15 SA] [ERROR] cache_get_value_name_float: value 'NULL' is not a number
[13/08/2024 12:04:15 SA] [ERROR] cache_get_value_name_float: value 'NULL' is not a number
[13/08/2024 12:04:15 SA] [ERROR] cache_get_value_name_float: value 'NULL' is not a number
[13/08/2024 12:04:15 SA] [ERROR] cache_get_value_name_int: value 'NULL' is not a number
[13/08/2024 12:04:15 SA] [ERROR] cache_get_value_name_int: value 'NULL' is not a number
[13/08/2024 12:04:15 SA] [ERROR] cache_get_value_name_int: value 'NULL' is not a number
[13/08/2024 12:04:15 SA] [ERROR] cache_get_value_name_int: value 'NULL' is not a number
[13/08/2024 12:04:15 SA] [ERROR] cache_get_value_name_int: value 'NULL' is not a number
[13/08/2024 12:05:08 SA] [ERROR] cache_get_value_name_int: value 'NULL' is not a number
[13/08/2024 12:05:08 SA] [ERROR] cache_get_value_name_int: value 'NULL' is not a number
[13/08/2024 12:05:08 SA] [ERROR] cache_get_value_name_int: value 'NULL' is not a number
[13/08/2024 12:05:08 SA] [ERROR] cache_get_value_name_int: value 'NULL' is not a number
[13/08/2024 12:05:08 SA] [ERROR] cache_get_value_name_int: value 'NULL' is not a number
[13/08/2024 12:05:08 SA] [ERROR] cache_get_value_name_int: value 'NULL' is not a number
[13/08/2024 12:05:08 SA] [ERROR] cache_get_value_name_int: value 'NULL' is not a number
[13/08/2024 12:05:08 SA] [ERROR] cache_get_value_name_int: value 'NULL' is not a number
[13/08/2024 12:05:08 SA] [ERROR] cache_get_value_name_int: value 'NULL' is not a number
[13/08/2024 12:05:08 SA] [ERROR] cache_get_value_name_int: value 'NULL' is not a number
[13/08/2024 12:05:08 SA] [ERROR] cache_get_value_name_int: value 'NULL' is not a number
[13/08/2024 12:05:08 SA] [ERROR] cache_get_value_name_int: value 'NULL' is not a number
[13/08/2024 12:05:08 SA] [ERROR] cache_get_value_name_int: value 'NULL' is not a number
[13/08/2024 12:05:08 SA] [ERROR] cache_get_value_name_int: value 'NULL' is not a number
[13/08/2024 12:05:08 SA] [ERROR] cache_get_value_name_int: value 'NULL' is not a number
[13/08/2024 12:05:08 SA] [ERROR] cache_get_value_name_int: value 'NULL' is not a number
[13/08/2024 12:05:08 SA] [ERROR] cache_get_value_name_int: value 'NULL' is not a number
[13/08/2024 12:05:08 SA] [ERROR] cache_get_value_name_int: value 'NULL' is not a number
[13/08/2024 12:05:08 SA] [ERROR] cache_get_value_name_int: value 'NULL' is not a number
[13/08/2024 12:05:08 SA] [ERROR] cache_get_value_name_int: value 'NULL' is not a number
[13/08/2024 12:05:08 SA] [ERROR] cache_get_value_name_int: value 'NULL' is not a number
[13/08/2024 12:05:08 SA] [ERROR] cache_get_value_name_int: value 'NULL' is not a number
[13/08/2024 12:05:08 SA] [ERROR] cache_get_value_name_int: value 'NULL' is not a number
[13/08/2024 12:05:08 SA] [ERROR] cache_get_value_name_int: value 'NULL' is not a number
[13/08/2024 12:05:08 SA] [ERROR] cache_get_value_name_int: value 'NULL' is not a number
[13/08/2024 12:05:08 SA] [ERROR] cache_get_value_name_int: value 'NULL' is not a number
[13/08/2024 12:05:08 SA] [ERROR] cache_get_value_name_int: value 'NULL' is not a number
[13/08/2024 12:05:08 SA] [ERROR] cache_get_value_name_int: value 'NULL' is not a number
[13/08/2024 12:05:08 SA] [ERROR] cache_get_value_name_int: value 'NULL' is not a number
[13/08/2024 12:05:08 SA] [ERROR] cache_get_value_name_int: value 'NULL' is not a number
[13/08/2024 12:05:08 SA] [ERROR] cache_get_value_name_int: value 'NULL' is not a number
[13/08/2024 12:05:08 SA] [ERROR] cache_get_value_name_int: value 'NULL' is not a number
[13/08/2024 12:05:08 SA] [ERROR] cache_get_value_name_int: value 'NULL' is not a number
[13/08/2024 12:05:08 SA] [ERROR] cache_get_value_name_int: value 'NULL' is not a number
[13/08/2024 12:05:08 SA] [ERROR] cache_get_value_name_int: value 'NULL' is not a number
[13/08/2024 12:05:08 SA] [ERROR] cache_get_value_name_int: value 'NULL' is not a number
[13/08/2024 12:05:08 SA] [ERROR] cache_get_value_name_float: value 'NULL' is not a number
[13/08/2024 12:05:08 SA] [ERROR] cache_get_value_name_float: value 'NULL' is not a number
[13/08/2024 12:05:08 SA] [ERROR] cache_get_value_name_float: value 'NULL' is not a number
[13/08/2024 12:05:08 SA] [ERROR] cache_get_value_name_int: value 'NULL' is not a number
[13/08/2024 12:05:08 SA] [ERROR] cache_get_value_name_int: value 'NULL' is not a number
[13/08/2024 12:05:08 SA] [ERROR] cache_get_value_name_int: value 'NULL' is not a number
[13/08/2024 12:05:08 SA] [ERROR] cache_get_value_name_int: value 'NULL' is not a number
[13/08/2024 12:05:08 SA] [ERROR] cache_get_value_name_int: value 'NULL' is not a number
[13/08/2024 12:05:59 SA] [ERROR] cache_get_value_name_int: value 'NULL' is not a number
[13/08/2024 12:05:59 SA] [ERROR] cache_get_value_name_int: value 'NULL' is not a number
[13/08/2024 12:05:59 SA] [ERROR] cache_get_value_name_int: value 'NULL' is not a number
[13/08/2024 12:05:59 SA] [ERROR] cache_get_value_name_int: value 'NULL' is not a number
[13/08/2024 12:05:59 SA] [ERROR] cache_get_value_name_int: value 'NULL' is not a number
[13/08/2024 12:05:59 SA] [ERROR] cache_get_value_name_int: value 'NULL' is not a number
[13/08/2024 12:05:59 SA] [ERROR] cache_get_value_name_int: value 'NULL' is not a number
[13/08/2024 12:05:59 SA] [ERROR] cache_get_value_name_int: value 'NULL' is not a number
[13/08/2024 12:05:59 SA] [ERROR] cache_get_value_name_int: value 'NULL' is not a number
[13/08/2024 12:05:59 SA] [ERROR] cache_get_value_name_int: value 'NULL' is not a number
[13/08/2024 12:05:59 SA] [ERROR] cache_get_value_name_int: value 'NULL' is not a number
[13/08/2024 12:05:59 SA] [ERROR] cache_get_value_name_int: value 'NULL' is not a number
[13/08/2024 12:05:59 SA] [ERROR] cache_get_value_name_int: value 'NULL' is not a number
[13/08/2024 12:05:59 SA] [ERROR] cache_get_value_name_int: value 'NULL' is not a number
[13/08/2024 12:05:59 SA] [ERROR] cache_get_value_name_int: value 'NULL' is not a number
[13/08/2024 12:05:59 SA] [ERROR] cache_get_value_name_int: value 'NULL' is not a number
[13/08/2024 12:05:59 SA] [ERROR] cache_get_value_name_int: value 'NULL' is not a number
[13/08/2024 12:05:59 SA] [ERROR] cache_get_value_name_int: value 'NULL' is not a number
[13/08/2024 12:05:59 SA] [ERROR] cache_get_value_name_int: value 'NULL' is not a number
[13/08/2024 12:05:59 SA] [ERROR] cache_get_value_name_int: value 'NULL' is not a number
[13/08/2024 12:05:59 SA] [ERROR] cache_get_value_name_int: value 'NULL' is not a number
[13/08/2024 12:05:59 SA] [ERROR] cache_get_value_name_int: value 'NULL' is not a number
[13/08/2024 12:05:59 SA] [ERROR] cache_get_value_name_int: value 'NULL' is not a number
[13/08/2024 12:05:59 SA] [ERROR] cache_get_value_name_int: value 'NULL' is not a number
[13/08/2024 12:05:59 SA] [ERROR] cache_get_value_name_int: value 'NULL' is not a number
[13/08/2024 12:05:59 SA] [ERROR] cache_get_value_name_int: value 'NULL' is not a number
[13/08/2024 12:05:59 SA] [ERROR] cache_get_value_name_int: value 'NULL' is not a number
[13/08/2024 12:05:59 SA] [ERROR] cache_get_value_name_int: value 'NULL' is not a number
[13/08/2024 12:05:59 SA] [ERROR] cache_get_value_name_int: value 'NULL' is not a number
[13/08/2024 12:05:59 SA] [ERROR] cache_get_value_name_int: value 'NULL' is not a number
[13/08/2024 12:05:59 SA] [ERROR] cache_get_value_name_int: value 'NULL' is not a number
[13/08/2024 12:05:59 SA] [ERROR] cache_get_value_name_int: value 'NULL' is not a number
[13/08/2024 12:05:59 SA] [ERROR] cache_get_value_name_int: value 'NULL' is not a number
[13/08/2024 12:05:59 SA] [ERROR] cache_get_value_name_int: value 'NULL' is not a number
[13/08/2024 12:05:59 SA] [ERROR] cache_get_value_name_int: value 'NULL' is not a number
[13/08/2024 12:05:59 SA] [ERROR] cache_get_value_name_int: value 'NULL' is not a number
[13/08/2024 12:05:59 SA] [ERROR] cache_get_value_name_float: value 'NULL' is not a number
[13/08/2024 12:05:59 SA] [ERROR] cache_get_value_name_float: value 'NULL' is not a number
[13/08/2024 12:05:59 SA] [ERROR] cache_get_value_name_float: value 'NULL' is not a number
[13/08/2024 12:05:59 SA] [ERROR] cache_get_value_name_int: value 'NULL' is not a number
[13/08/2024 12:05:59 SA] [ERROR] cache_get_value_name_int: value 'NULL' is not a number
[13/08/2024 12:05:59 SA] [ERROR] cache_get_value_name_int: value 'NULL' is not a number
[13/08/2024 12:05:59 SA] [ERROR] cache_get_value_name_int: value 'NULL' is not a number
[13/08/2024 12:05:59 SA] [ERROR] cache_get_value_name_int: value 'NULL' is not a number
[13/08/2024 12:12:01 SA] [ERROR] cache_get_value_name_int: value 'NULL' is not a number
[13/08/2024 12:12:01 SA] [ERROR] cache_get_value_name_int: value 'NULL' is not a number
[13/08/2024 12:12:01 SA] [ERROR] cache_get_value_name_int: value 'NULL' is not a number
[13/08/2024 12:12:01 SA] [ERROR] cache_get_value_name_int: value 'NULL' is not a number
[13/08/2024 12:12:01 SA] [ERROR] cache_get_value_name_int: value 'NULL' is not a number
[13/08/2024 12:12:01 SA] [ERROR] cache_get_value_name_int: value 'NULL' is not a number
[13/08/2024 12:12:01 SA] [ERROR] cache_get_value_name_int: value 'NULL' is not a number
[13/08/2024 12:12:01 SA] [ERROR] cache_get_value_name_int: value 'NULL' is not a number
[13/08/2024 12:12:01 SA] [ERROR] cache_get_value_name_int: value 'NULL' is not a number
[13/08/2024 12:12:01 SA] [ERROR] cache_get_value_name_int: value 'NULL' is not a number
[13/08/2024 12:12:01 SA] [ERROR] cache_get_value_name_int: value 'NULL' is not a number
[13/08/2024 12:12:01 SA] [ERROR] cache_get_value_name_int: value 'NULL' is not a number
[13/08/2024 12:12:01 SA] [ERROR] cache_get_value_name_int: value 'NULL' is not a number
[13/08/2024 12:12:01 SA] [ERROR] cache_get_value_name_int: value 'NULL' is not a number
[13/08/2024 12:12:01 SA] [ERROR] cache_get_value_name_int: value 'NULL' is not a number
[13/08/2024 12:12:01 SA] [ERROR] cache_get_value_name_int: value 'NULL' is not a number
[13/08/2024 12:12:01 SA] [ERROR] cache_get_value_name_int: value 'NULL' is not a number
[13/08/2024 12:12:01 SA] [ERROR] cache_get_value_name_int: value 'NULL' is not a number
[13/08/2024 12:12:01 SA] [ERROR] cache_get_value_name_int: value 'NULL' is not a number
[13/08/2024 12:12:01 SA] [ERROR] cache_get_value_name_int: value 'NULL' is not a number
[13/08/2024 12:12:01 SA] [ERROR] cache_get_value_name_int: value 'NULL' is not a number
[13/08/2024 12:12:01 SA] [ERROR] cache_get_value_name_int: value 'NULL' is not a number
[13/08/2024 12:12:01 SA] [ERROR] cache_get_value_name_int: value 'NULL' is not a number
[13/08/2024 12:12:01 SA] [ERROR] cache_get_value_name_int: value 'NULL' is not a number
[13/08/2024 12:12:01 SA] [ERROR] cache_get_value_name_int: value 'NULL' is not a number
[13/08/2024 12:12:01 SA] [ERROR] cache_get_value_name_int: value 'NULL' is not a number
[13/08/2024 12:12:01 SA] [ERROR] cache_get_value_name_int: value 'NULL' is not a number
[13/08/2024 12:12:01 SA] [ERROR] cache_get_value_name_int: value 'NULL' is not a number
[13/08/2024 12:12:01 SA] [ERROR] cache_get_value_name_int: value 'NULL' is not a number
[13/08/2024 12:12:01 SA] [ERROR] cache_get_value_name_int: value 'NULL' is not a number
[13/08/2024 12:12:01 SA] [ERROR] cache_get_value_name_int: value 'NULL' is not a number
[13/08/2024 12:12:01 SA] [ERROR] cache_get_value_name_int: value 'NULL' is not a number
[13/08/2024 12:12:01 SA] [ERROR] cache_get_value_name_int: value 'NULL' is not a number
[13/08/2024 12:12:01 SA] [ERROR] cache_get_value_name_int: value 'NULL' is not a number
[13/08/2024 12:12:01 SA] [ERROR] cache_get_value_name_int: value 'NULL' is not a number
[13/08/2024 12:12:01 SA] [ERROR] cache_get_value_name_int: value 'NULL' is not a number
[13/08/2024 12:12:01 SA] [ERROR] cache_get_value_name_float: value 'NULL' is not a number
[13/08/2024 12:12:01 SA] [ERROR] cache_get_value_name_float: value 'NULL' is not a number
[13/08/2024 12:12:01 SA] [ERROR] cache_get_value_name_float: value 'NULL' is not a number
[13/08/2024 12:12:01 SA] [ERROR] cache_get_value_name_int: value 'NULL' is not a number
[13/08/2024 12:12:01 SA] [ERROR] cache_get_value_name_int: value 'NULL' is not a number
[13/08/2024 12:12:01 SA] [ERROR] cache_get_value_name_int: value 'NULL' is not a number
[13/08/2024 12:12:01 SA] [ERROR] cache_get_value_name_int: value 'NULL' is not a number
[13/08/2024 12:12:01 SA] [ERROR] cache_get_value_name_int: value 'NULL' is not a number
[13/08/2024 12:13:19 SA] [ERROR] cache_get_value_name_int: value 'NULL' is not a number
[13/08/2024 12:13:19 SA] [ERROR] cache_get_value_name_int: value 'NULL' is not a number
[13/08/2024 12:13:19 SA] [ERROR] cache_get_value_name_int: value 'NULL' is not a number
[13/08/2024 12:13:19 SA] [ERROR] cache_get_value_name_int: value 'NULL' is not a number
[13/08/2024 12:13:19 SA] [ERROR] cache_get_value_name_int: value 'NULL' is not a number
[13/08/2024 12:13:19 SA] [ERROR] cache_get_value_name_int: value 'NULL' is not a number
[13/08/2024 12:13:19 SA] [ERROR] cache_get_value_name_int: value 'NULL' is not a number
[13/08/2024 12:13:19 SA] [ERROR] cache_get_value_name_int: value 'NULL' is not a number
[13/08/2024 12:13:19 SA] [ERROR] cache_get_value_name_int: value 'NULL' is not a number
[13/08/2024 12:13:19 SA] [ERROR] cache_get_value_name_int: value 'NULL' is not a number
[13/08/2024 12:13:19 SA] [ERROR] cache_get_value_name_int: value 'NULL' is not a number
[13/08/2024 12:13:19 SA] [ERROR] cache_get_value_name_int: value 'NULL' is not a number
[13/08/2024 12:13:19 SA] [ERROR] cache_get_value_name_int: value 'NULL' is not a number
[13/08/2024 12:13:19 SA] [ERROR] cache_get_value_name_int: value 'NULL' is not a number
[13/08/2024 12:13:19 SA] [ERROR] cache_get_value_name_int: value 'NULL' is not a number
[13/08/2024 12:13:19 SA] [ERROR] cache_get_value_name_int: value 'NULL' is not a number
[13/08/2024 12:13:19 SA] [ERROR] cache_get_value_name_int: value 'NULL' is not a number
[13/08/2024 12:13:19 SA] [ERROR] cache_get_value_name_int: value 'NULL' is not a number
[13/08/2024 12:13:19 SA] [ERROR] cache_get_value_name_int: value 'NULL' is not a number
[13/08/2024 12:13:19 SA] [ERROR] cache_get_value_name_int: value 'NULL' is not a number
[13/08/2024 12:13:19 SA] [ERROR] cache_get_value_name_int: value 'NULL' is not a number
[13/08/2024 12:13:19 SA] [ERROR] cache_get_value_name_int: value 'NULL' is not a number
[13/08/2024 12:13:19 SA] [ERROR] cache_get_value_name_int: value 'NULL' is not a number
[13/08/2024 12:13:19 SA] [ERROR] cache_get_value_name_int: value 'NULL' is not a number
[13/08/2024 12:13:19 SA] [ERROR] cache_get_value_name_int: value 'NULL' is not a number
[13/08/2024 12:13:19 SA] [ERROR] cache_get_value_name_int: value 'NULL' is not a number
[13/08/2024 12:13:19 SA] [ERROR] cache_get_value_name_int: value 'NULL' is not a number
[13/08/2024 12:13:19 SA] [ERROR] cache_get_value_name_int: value 'NULL' is not a number
[13/08/2024 12:13:19 SA] [ERROR] cache_get_value_name_int: value 'NULL' is not a number
[13/08/2024 12:13:19 SA] [ERROR] cache_get_value_name_int: value 'NULL' is not a number
[13/08/2024 12:13:19 SA] [ERROR] cache_get_value_name_int: value 'NULL' is not a number
[13/08/2024 12:13:19 SA] [ERROR] cache_get_value_name_int: value 'NULL' is not a number
[13/08/2024 12:13:19 SA] [ERROR] cache_get_value_name_int: value 'NULL' is not a number
[13/08/2024 12:13:19 SA] [ERROR] cache_get_value_name_int: value 'NULL' is not a number
[13/08/2024 12:13:19 SA] [ERROR] cache_get_value_name_int: value 'NULL' is not a number
[13/08/2024 12:13:19 SA] [ERROR] cache_get_value_name_int: value 'NULL' is not a number
[13/08/2024 12:13:19 SA] [ERROR] cache_get_value_name_float: value 'NULL' is not a number
[13/08/2024 12:13:19 SA] [ERROR] cache_get_value_name_float: value 'NULL' is not a number
[13/08/2024 12:13:19 SA] [ERROR] cache_get_value_name_float: value 'NULL' is not a number
[13/08/2024 12:13:19 SA] [ERROR] cache_get_value_name_int: value 'NULL' is not a number
[13/08/2024 12:13:19 SA] [ERROR] cache_get_value_name_int: value 'NULL' is not a number
[13/08/2024 12:13:19 SA] [ERROR] cache_get_value_name_int: value 'NULL' is not a number
[13/08/2024 12:13:19 SA] [ERROR] cache_get_value_name_int: value 'NULL' is not a number
[13/08/2024 12:13:19 SA] [ERROR] cache_get_value_name_int: value 'NULL' is not a number
[13/08/2024 12:14:42 SA] [ERROR] error #1054 while executing query "INSERT INTO houses SET id=0, HouseX=1527.760620, HouseY=-1687.453857, HouseZ=13.382813, HousePrice=0, HouseInterior=1": Unknown column 'HousePrice' in 'field list'
[13/08/2024 12:14:42 SA] [ERROR] error #1054 while executing query "UPDATE `houses` SET `Name` = 'Nha Dang Rao Ban!', `Owner` = '-', `Password` = '-', `HouseX` = '1527.760620', `HouseY` = '-1687.453857', `HouseZ` = '13.382813', `Price` = '0', `Interior` = '1', `LockMode` = '0', `SafeMoney` = '0', `LastEntered` = '0', `ExVW` = '0', `InVW` = '0', `ExInterior` = '0', `InInterior` = '0', `SalePrice` = '0', `Address` = '', `furnitureVW` = '0', `SQL_HOST` = '0', `IntName` = 'Nha Dang Rao Ban!', `intX` = '0.000000', `intY` = '0.000000', `intZ` = '0.000000', `intID` = '0' WHERE `id` = '0'": Unknown column 'SQL_HOST' in 'field list'
[13/08/2024 12:14:42 SA] [ERROR] cache_get_row_count: no active cache
[13/08/2024 12:14:42 SA] [ERROR] cache_delete: invalid cache id '0'
[13/08/2024 12:14:42 SA] [ERROR] error #1054 while executing query "UPDATE `housefurnitures` SET `ModelID` = '78', `Name` = 'Nha Dang Rao Ban!', `Price` = '0', `SQLID` = '78', `HouseID` = '104', `ArrayID` = '97', `furnitureX` = '0.000000', `furnitureY` = '0.000000', `furnitureZ` = '0.000000', `furnitureRX` = '0.000000', `furnitureRY` = '0.000000', `furnitureRZ` = '0.000000' WHERE `furnitureid` = '0'": Unknown column 'ModelID' in 'field list'
[13/08/2024 12:14:42 SA] [ERROR] cache_get_row_count: no active cache
[13/08/2024 12:14:42 SA] [ERROR] cache_delete: invalid cache id '0'
[13/08/2024 12:15:23 SA] [ERROR] error #1054 while executing query "UPDATE `houses` SET `Name` = 'Nha Dang Rao Ban!', `Owner` = 'Khoi_Nguyenz', `Password` = '-', `HouseX` = '1527.760620', `HouseY` = '-1687.453857', `HouseZ` = '13.382813', `Price` = '0', `Interior` = '1', `LockMode` = '0', `SafeMoney` = '0', `LastEntered` = '1723482923', `ExVW` = '0', `InVW` = '0', `ExInterior` = '0', `InInterior` = '0', `SalePrice` = '0', `Address` = '', `furnitureVW` = '0', `SQL_HOST` = '0', `IntName` = 'Nha Dang Rao Ban!', `intX` = '0.000000', `intY` = '0.000000', `intZ` = '0.000000', `intID` = '0' WHERE `id` = '0'": Unknown column 'SQL_HOST' in 'field list'
[13/08/2024 12:15:23 SA] [ERROR] cache_get_row_count: no active cache
[13/08/2024 12:15:23 SA] [ERROR] cache_delete: invalid cache id '0'
[13/08/2024 12:15:23 SA] [ERROR] error #1054 while executing query "UPDATE `housefurnitures` SET `ModelID` = '78', `Name` = 'Nha Dang Rao Ban!', `Price` = '0', `SQLID` = '78', `HouseID` = '104', `ArrayID` = '97', `furnitureX` = '0.000000', `furnitureY` = '0.000000', `furnitureZ` = '0.000000', `furnitureRX` = '0.000000', `furnitureRY` = '0.000000', `furnitureRZ` = '0.000000' WHERE `furnitureid` = '0'": Unknown column 'ModelID' in 'field list'
[13/08/2024 12:15:23 SA] [ERROR] cache_get_row_count: no active cache
[13/08/2024 12:15:23 SA] [ERROR] cache_delete: invalid cache id '0'
[13/08/2024 12:15:31 SA] [ERROR] error #1054 while executing query "INSERT INTO houses SET id=1, HouseX=1530.217896, HouseY=-1678.675537, HouseZ=13.382813, HousePrice=0, HouseInterior=1": Unknown column 'HouseInterior' in 'field list'
[13/08/2024 12:15:31 SA] [ERROR] error #1054 while executing query "UPDATE `houses` SET `Name` = 'Nha Dang Rao Ban!', `Owner` = '-', `Password` = '-', `HouseX` = '1530.217896', `HouseY` = '-1678.675537', `HouseZ` = '13.382813', `Price` = '0', `Interior` = '1', `LockMode` = '0', `SafeMoney` = '0', `LastEntered` = '0', `ExVW` = '0', `InVW` = '0', `ExInterior` = '0', `InInterior` = '0', `SalePrice` = '0', `Address` = '', `furnitureVW` = '0', `SQL_HOST` = '0', `IntName` = 'Nha Dang Rao Ban!', `intX` = '0.000000', `intY` = '0.000000', `intZ` = '0.000000', `intID` = '0' WHERE `id` = '1'": Unknown column 'SQL_HOST' in 'field list'
[13/08/2024 12:15:31 SA] [ERROR] cache_get_row_count: no active cache
[13/08/2024 12:15:31 SA] [ERROR] cache_delete: invalid cache id '0'
[13/08/2024 12:15:31 SA] [ERROR] error #1054 while executing query "UPDATE `housefurnitures` SET `ModelID` = '78', `Name` = 'Nha Dang Rao Ban!', `Price` = '0', `SQLID` = '78', `HouseID` = '104', `ArrayID` = '97', `furnitureX` = '0.000000', `furnitureY` = '0.000000', `furnitureZ` = '0.000000', `furnitureRX` = '0.000000', `furnitureRY` = '0.000000', `furnitureRZ` = '0.000000' WHERE `furnitureid` = '1'": Unknown column 'ModelID' in 'field list'
[13/08/2024 12:15:31 SA] [ERROR] cache_get_row_count: no active cache
[13/08/2024 12:15:31 SA] [ERROR] cache_delete: invalid cache id '0'
[13/08/2024 12:15:53 SA] [ERROR] error #1054 while executing query "UPDATE `houses` SET `Name` = 'Nha Dang Rao Ban!', `Owner` = '-', `Password` = '-', `HouseX` = '1529.578979', `HouseY` = '-1678.585083', `HouseZ` = '13.382813', `Price` = '0', `Interior` = '1', `LockMode` = '0', `SafeMoney` = '0', `LastEntered` = '0', `ExVW` = '0', `InVW` = '0', `ExInterior` = '0', `InInterior` = '0', `SalePrice` = '0', `Address` = '', `furnitureVW` = '0', `SQL_HOST` = '0', `IntName` = 'Nha Dang Rao Ban!', `intX` = '0.000000', `intY` = '0.000000', `intZ` = '0.000000', `intID` = '0' WHERE `id` = '2'": Unknown column 'SQL_HOST' in 'field list'
[13/08/2024 12:15:53 SA] [ERROR] cache_get_row_count: no active cache
[13/08/2024 12:15:53 SA] [ERROR] cache_delete: invalid cache id '0'
[13/08/2024 12:15:53 SA] [ERROR] error #1054 while executing query "UPDATE `housefurnitures` SET `ModelID` = '78', `Name` = 'Nha Dang Rao Ban!', `Price` = '0', `SQLID` = '78', `HouseID` = '104', `ArrayID` = '97', `furnitureX` = '0.000000', `furnitureY` = '0.000000', `furnitureZ` = '0.000000', `furnitureRX` = '0.000000', `furnitureRY` = '0.000000', `furnitureRZ` = '0.000000' WHERE `furnitureid` = '2'": Unknown column 'ModelID' in 'field list'
[13/08/2024 12:15:53 SA] [ERROR] cache_get_row_count: no active cache
[13/08/2024 12:15:53 SA] [ERROR] cache_delete: invalid cache id '0'
[13/08/2024 12:16:52 SA] [ERROR] error #1054 while executing query "UPDATE `houses` SET `Name` = 'Nha Dang Rao Ban!', `Owner` = '-', `Password` = '-', `HouseX` = '1534.480469', `HouseY` = '-1671.943115', `HouseZ` = '13.382813', `Price` = '0', `Interior` = '1', `LockMode` = '0', `SafeMoney` = '0', `LastEntered` = '0', `ExVW` = '0', `InVW` = '0', `ExInterior` = '0', `InInterior` = '0', `SalePrice` = '0', `Address` = '', `furnitureVW` = '0', `SQL_HOST` = '0', `IntName` = 'Nha Dang Rao Ban!', `intX` = '0.000000', `intY` = '0.000000', `intZ` = '0.000000', `intID` = '0' WHERE `id` = '3'": Unknown column 'SQL_HOST' in 'field list'
[13/08/2024 12:16:52 SA] [ERROR] cache_get_row_count: no active cache
[13/08/2024 12:16:52 SA] [ERROR] cache_delete: invalid cache id '0'
[13/08/2024 12:16:52 SA] [ERROR] error #1054 while executing query "UPDATE `housefurnitures` SET `ModelID` = '78', `Name` = 'Nha Dang Rao Ban!', `Price` = '0', `SQLID` = '78', `HouseID` = '104', `ArrayID` = '97', `furnitureX` = '0.000000', `furnitureY` = '0.000000', `furnitureZ` = '0.000000', `furnitureRX` = '0.000000', `furnitureRY` = '0.000000', `furnitureRZ` = '0.000000' WHERE `furnitureid` = '3'": Unknown column 'ModelID' in 'field list'
[13/08/2024 12:16:52 SA] [ERROR] cache_get_row_count: no active cache
[13/08/2024 12:16:52 SA] [ERROR] cache_delete: invalid cache id '0'
[13/08/2024 12:17:56 SA] [ERROR] cache_get_value_name_int: value 'NULL' is not a number
[13/08/2024 12:17:56 SA] [ERROR] cache_get_value_name_int: value 'NULL' is not a number
[13/08/2024 12:17:56 SA] [ERROR] cache_get_value_name_int: value 'NULL' is not a number
[13/08/2024 12:17:56 SA] [ERROR] cache_get_value_name_int: value 'NULL' is not a number
[13/08/2024 12:17:56 SA] [ERROR] cache_get_value_name_int: value 'NULL' is not a number
[13/08/2024 12:17:56 SA] [ERROR] cache_get_value_name_int: value 'NULL' is not a number
[13/08/2024 12:17:56 SA] [ERROR] cache_get_value_name_int: value 'NULL' is not a number
[13/08/2024 12:17:56 SA] [ERROR] cache_get_value_name_int: value 'NULL' is not a number
[13/08/2024 12:17:56 SA] [ERROR] cache_get_value_name_int: value 'NULL' is not a number
[13/08/2024 12:17:56 SA] [ERROR] cache_get_value_name_int: value 'NULL' is not a number
[13/08/2024 12:17:56 SA] [ERROR] cache_get_value_name_int: value 'NULL' is not a number
[13/08/2024 12:17:56 SA] [ERROR] cache_get_value_name_int: value 'NULL' is not a number
[13/08/2024 12:17:56 SA] [ERROR] cache_get_value_name_int: value 'NULL' is not a number
[13/08/2024 12:17:56 SA] [ERROR] cache_get_value_name_int: value 'NULL' is not a number
[13/08/2024 12:17:56 SA] [ERROR] cache_get_value_name_int: value 'NULL' is not a number
[13/08/2024 12:17:56 SA] [ERROR] cache_get_value_name_int: value 'NULL' is not a number
[13/08/2024 12:17:56 SA] [ERROR] cache_get_value_name_int: value 'NULL' is not a number
[13/08/2024 12:17:56 SA] [ERROR] cache_get_value_name_int: value 'NULL' is not a number
[13/08/2024 12:17:56 SA] [ERROR] cache_get_value_name_int: value 'NULL' is not a number
[13/08/2024 12:17:56 SA] [ERROR] cache_get_value_name_int: value 'NULL' is not a number
[13/08/2024 12:17:56 SA] [ERROR] cache_get_value_name_int: value 'NULL' is not a number
[13/08/2024 12:17:56 SA] [ERROR] cache_get_value_name_int: value 'NULL' is not a number
[13/08/2024 12:17:56 SA] [ERROR] cache_get_value_name_int: value 'NULL' is not a number
[13/08/2024 12:17:56 SA] [ERROR] cache_get_value_name_int: value 'NULL' is not a number
[13/08/2024 12:17:56 SA] [ERROR] cache_get_value_name_int: value 'NULL' is not a number
[13/08/2024 12:17:56 SA] [ERROR] cache_get_value_name_int: value 'NULL' is not a number
[13/08/2024 12:17:56 SA] [ERROR] cache_get_value_name_int: value 'NULL' is not a number
[13/08/2024 12:17:56 SA] [ERROR] cache_get_value_name_int: value 'NULL' is not a number
[13/08/2024 12:17:56 SA] [ERROR] cache_get_value_name_int: value 'NULL' is not a number
[13/08/2024 12:17:56 SA] [ERROR] cache_get_value_name_int: value 'NULL' is not a number
[13/08/2024 12:17:56 SA] [ERROR] cache_get_value_name_int: value 'NULL' is not a number
[13/08/2024 12:17:56 SA] [ERROR] cache_get_value_name_int: value 'NULL' is not a number
[13/08/2024 12:17:56 SA] [ERROR] cache_get_value_name_int: value 'NULL' is not a number
[13/08/2024 12:17:56 SA] [ERROR] cache_get_value_name_int: value 'NULL' is not a number
[13/08/2024 12:17:56 SA] [ERROR] cache_get_value_name_int: value 'NULL' is not a number
[13/08/2024 12:17:56 SA] [ERROR] cache_get_value_name_int: value 'NULL' is not a number
[13/08/2024 12:17:56 SA] [ERROR] cache_get_value_name_float: value 'NULL' is not a number
[13/08/2024 12:17:56 SA] [ERROR] cache_get_value_name_float: value 'NULL' is not a number
[13/08/2024 12:17:56 SA] [ERROR] cache_get_value_name_float: value 'NULL' is not a number
[13/08/2024 12:17:56 SA] [ERROR] cache_get_value_name_int: value 'NULL' is not a number
[13/08/2024 12:17:56 SA] [ERROR] cache_get_value_name_int: value 'NULL' is not a number
[13/08/2024 12:17:56 SA] [ERROR] cache_get_value_name_int: value 'NULL' is not a number
[13/08/2024 12:17:56 SA] [ERROR] cache_get_value_name_int: value 'NULL' is not a number
[13/08/2024 12:17:56 SA] [ERROR] cache_get_value_name_int: value 'NULL' is not a number
[13/08/2024 12:18:59 SA] [ERROR] error #1054 while executing query "UPDATE `housefurnitures` SET `ModelID` = '78', `Name` = 'Nha Dang Rao Ban!', `Price` = '0', `SQLID` = '78', `HouseID` = '104', `ArrayID` = '97', `furnitureX` = '0.000000', `furnitureY` = '0.000000', `furnitureZ` = '0.000000', `furnitureRX` = '0.000000', `furnitureRY` = '0.000000', `furnitureRZ` = '0.000000' WHERE `furnitureid` = '0'": Unknown column 'ModelID' in 'field list'
[13/08/2024 12:18:59 SA] [ERROR] cache_get_row_count: no active cache
[13/08/2024 12:18:59 SA] [ERROR] cache_delete: invalid cache id '0'
[13/08/2024 12:19:13 SA] [ERROR] error #1054 while executing query "UPDATE `housefurnitures` SET `ModelID` = '78', `Name` = 'Nha Dang Rao Ban!', `Price` = '0', `SQLID` = '78', `HouseID` = '104', `ArrayID` = '97', `furnitureX` = '0.000000', `furnitureY` = '0.000000', `furnitureZ` = '0.000000', `furnitureRX` = '0.000000', `furnitureRY` = '0.000000', `furnitureRZ` = '0.000000' WHERE `furnitureid` = '0'": Unknown column 'ModelID' in 'field list'
[13/08/2024 12:19:13 SA] [ERROR] cache_get_row_count: no active cache
[13/08/2024 12:19:13 SA] [ERROR] cache_delete: invalid cache id '0'
[13/08/2024 12:20:18 SA] [ERROR] error #1054 while executing query "UPDATE `housefurnitures` SET `ModelID` = '78', `Name` = 'Nha Dang Rao Ban!', `Price` = '0', `SQLID` = '78', `HouseID` = '104', `ArrayID` = '97', `furnitureX` = '0.000000', `furnitureY` = '0.000000', `furnitureZ` = '0.000000', `furnitureRX` = '0.000000', `furnitureRY` = '0.000000', `furnitureRZ` = '0.000000' WHERE `furnitureid` = '0'": Unknown column 'ModelID' in 'field list'
[13/08/2024 12:20:18 SA] [ERROR] cache_get_row_count: no active cache
[13/08/2024 12:20:18 SA] [ERROR] cache_delete: invalid cache id '0'
[13/08/2024 12:20:28 SA] [ERROR] error #1054 while executing query "UPDATE `housefurnitures` SET `ModelID` = '78', `Name` = 'Nha Dang Rao Ban!', `Price` = '0', `SQLID` = '78', `HouseID` = '104', `ArrayID` = '97', `furnitureX` = '0.000000', `furnitureY` = '0.000000', `furnitureZ` = '0.000000', `furnitureRX` = '0.000000', `furnitureRY` = '0.000000', `furnitureRZ` = '0.000000' WHERE `furnitureid` = '0'": Unknown column 'ModelID' in 'field list'
[13/08/2024 12:20:28 SA] [ERROR] cache_get_row_count: no active cache
[13/08/2024 12:20:28 SA] [ERROR] cache_delete: invalid cache id '0'
[13/08/2024 12:20:33 SA] [ERROR] error #1054 while executing query "UPDATE `housefurnitures` SET `ModelID` = '78', `Name` = 'Nha Dang Rao Ban!', `Price` = '0', `SQLID` = '78', `HouseID` = '104', `ArrayID` = '97', `furnitureX` = '0.000000', `furnitureY` = '0.000000', `furnitureZ` = '0.000000', `furnitureRX` = '0.000000', `furnitureRY` = '0.000000', `furnitureRZ` = '0.000000' WHERE `furnitureid` = '0'": Unknown column 'ModelID' in 'field list'
[13/08/2024 12:20:33 SA] [ERROR] cache_get_row_count: no active cache
[13/08/2024 12:20:33 SA] [ERROR] cache_delete: invalid cache id '0'
[13/08/2024 12:20:35 SA] [ERROR] error #1054 while executing query "UPDATE `housefurnitures` SET `ModelID` = '78', `Name` = 'Nha Dang Rao Ban!', `Price` = '0', `SQLID` = '78', `HouseID` = '104', `ArrayID` = '97', `furnitureX` = '0.000000', `furnitureY` = '0.000000', `furnitureZ` = '0.000000', `furnitureRX` = '0.000000', `furnitureRY` = '0.000000', `furnitureRZ` = '0.000000' WHERE `furnitureid` = '0'": Unknown column 'ModelID' in 'field list'
[13/08/2024 12:20:35 SA] [ERROR] cache_get_row_count: no active cache
[13/08/2024 12:20:35 SA] [ERROR] cache_delete: invalid cache id '0'
[13/08/2024 12:21:05 SA] [ERROR] error #1364 while executing query "INSERT INTO housefurnitures SET HouseID=0, FurnitureID=0, FurnitureX=2198.172363, FurnitureY=-1202.622314, FurnitureZ=1049.023438, FurnitureVW=0, FurnitureInt=6": Field 'FurnitureRX' doesn't have a default value
[13/08/2024 12:21:05 SA] [ERROR] cache_insert_id: no active cache
[13/08/2024 12:21:05 SA] [ERROR] cache_delete: invalid cache id '0'
[13/08/2024 12:21:05 SA] [ERROR] error #1054 while executing query "UPDATE `housefurnitures` SET `ModelID` = '78', `Name` = 'Nha Dang Rao Ban!', `Price` = '0', `SQLID` = '78', `HouseID` = '104', `ArrayID` = '97', `furnitureX` = '0.000000', `furnitureY` = '0.000000', `furnitureZ` = '0.000000', `furnitureRX` = '0.000000', `furnitureRY` = '0.000000', `furnitureRZ` = '0.000000' WHERE `furnitureid` = '0'": Unknown column 'ModelID' in 'field list'
[13/08/2024 12:21:05 SA] [ERROR] cache_get_row_count: no active cache
[13/08/2024 12:21:05 SA] [ERROR] cache_delete: invalid cache id '0'
[13/08/2024 12:21:46 SA] [ERROR] error #1054 while executing query "UPDATE `housefurnitures` SET `ModelID` = '78', `Name` = 'Nha Dang Rao Ban!', `Price` = '0', `SQLID` = '78', `HouseID` = '104', `ArrayID` = '97', `furnitureX` = '0.000000', `furnitureY` = '0.000000', `furnitureZ` = '0.000000', `furnitureRX` = '0.000000', `furnitureRY` = '0.000000', `furnitureRZ` = '0.000000' WHERE `furnitureid` = '0'": Unknown column 'ModelID' in 'field list'
[13/08/2024 12:21:46 SA] [ERROR] cache_get_row_count: no active cache
[13/08/2024 12:21:46 SA] [ERROR] cache_delete: invalid cache id '0'
[13/08/2024 12:28:30 SA] [ERROR] cache_get_value_name_int: value 'NULL' is not a number
[13/08/2024 12:28:30 SA] [ERROR] cache_get_value_name_int: value 'NULL' is not a number
[13/08/2024 12:28:30 SA] [ERROR] cache_get_value_name_int: value 'NULL' is not a number
[13/08/2024 12:28:30 SA] [ERROR] cache_get_value_name_int: value 'NULL' is not a number
[13/08/2024 12:28:30 SA] [ERROR] cache_get_value_name_int: value 'NULL' is not a number
[13/08/2024 12:28:30 SA] [ERROR] cache_get_value_name_int: value 'NULL' is not a number
[13/08/2024 12:28:30 SA] [ERROR] cache_get_value_name_int: value 'NULL' is not a number
[13/08/2024 12:28:30 SA] [ERROR] cache_get_value_name_int: value 'NULL' is not a number
[13/08/2024 12:28:30 SA] [ERROR] cache_get_value_name_int: value 'NULL' is not a number
[13/08/2024 12:28:30 SA] [ERROR] cache_get_value_name_int: value 'NULL' is not a number
[13/08/2024 12:28:30 SA] [ERROR] cache_get_value_name_int: value 'NULL' is not a number
[13/08/2024 12:28:30 SA] [ERROR] cache_get_value_name_int: value 'NULL' is not a number
[13/08/2024 12:28:30 SA] [ERROR] cache_get_value_name_int: value 'NULL' is not a number
[13/08/2024 12:28:30 SA] [ERROR] cache_get_value_name_int: value 'NULL' is not a number
[13/08/2024 12:28:30 SA] [ERROR] cache_get_value_name_int: value 'NULL' is not a number
[13/08/2024 12:28:30 SA] [ERROR] cache_get_value_name_int: value 'NULL' is not a number
[13/08/2024 12:28:30 SA] [ERROR] cache_get_value_name_int: value 'NULL' is not a number
[13/08/2024 12:28:30 SA] [ERROR] cache_get_value_name_int: value 'NULL' is not a number
[13/08/2024 12:28:30 SA] [ERROR] cache_get_value_name_int: value 'NULL' is not a number
[13/08/2024 12:28:30 SA] [ERROR] cache_get_value_name_int: value 'NULL' is not a number
[13/08/2024 12:28:30 SA] [ERROR] cache_get_value_name_int: value 'NULL' is not a number
[13/08/2024 12:28:30 SA] [ERROR] cache_get_value_name_int: value 'NULL' is not a number
[13/08/2024 12:28:30 SA] [ERROR] cache_get_value_name_int: value 'NULL' is not a number
[13/08/2024 12:28:30 SA] [ERROR] cache_get_value_name_int: value 'NULL' is not a number
[13/08/2024 12:28:30 SA] [ERROR] cache_get_value_name_int: value 'NULL' is not a number
[13/08/2024 12:28:30 SA] [ERROR] cache_get_value_name_int: value 'NULL' is not a number
[13/08/2024 12:28:30 SA] [ERROR] cache_get_value_name_int: value 'NULL' is not a number
[13/08/2024 12:28:30 SA] [ERROR] cache_get_value_name_int: value 'NULL' is not a number
[13/08/2024 12:28:30 SA] [ERROR] cache_get_value_name_int: value 'NULL' is not a number
[13/08/2024 12:28:30 SA] [ERROR] cache_get_value_name_int: value 'NULL' is not a number
[13/08/2024 12:28:30 SA] [ERROR] cache_get_value_name_int: value 'NULL' is not a number
[13/08/2024 12:28:30 SA] [ERROR] cache_get_value_name_int: value 'NULL' is not a number
[13/08/2024 12:28:30 SA] [ERROR] cache_get_value_name_int: value 'NULL' is not a number
[13/08/2024 12:28:30 SA] [ERROR] cache_get_value_name_int: value 'NULL' is not a number
[13/08/2024 12:28:30 SA] [ERROR] cache_get_value_name_int: value 'NULL' is not a number
[13/08/2024 12:28:30 SA] [ERROR] cache_get_value_name_int: value 'NULL' is not a number
[13/08/2024 12:28:30 SA] [ERROR] cache_get_value_name_float: value 'NULL' is not a number
[13/08/2024 12:28:30 SA] [ERROR] cache_get_value_name_float: value 'NULL' is not a number
[13/08/2024 12:28:30 SA] [ERROR] cache_get_value_name_float: value 'NULL' is not a number
[13/08/2024 12:28:30 SA] [ERROR] cache_get_value_name_int: value 'NULL' is not a number
[13/08/2024 12:28:30 SA] [ERROR] cache_get_value_name_int: value 'NULL' is not a number
[13/08/2024 12:28:30 SA] [ERROR] cache_get_value_name_int: value 'NULL' is not a number
[13/08/2024 12:28:30 SA] [ERROR] cache_get_value_name_int: value 'NULL' is not a number
[13/08/2024 12:28:30 SA] [ERROR] cache_get_value_name_int: value 'NULL' is not a number
[13/08/2024 12:28:30 SA] [ERROR] cache_get_value_name: field 'HouseName' not found
[13/08/2024 12:28:30 SA] [ERROR] cache_get_value_name: field 'HouseOwner' not found
[13/08/2024 12:28:30 SA] [ERROR] cache_get_value_name: field 'HousePassword' not found
[13/08/2024 12:28:30 SA] [ERROR] cache_get_value_name_float: field 'HouseX' not found
[13/08/2024 12:28:30 SA] [ERROR] cache_get_value_name_float: field 'HouseY' not found
[13/08/2024 12:28:30 SA] [ERROR] cache_get_value_name_float: field 'HouseZ' not found
[13/08/2024 12:28:30 SA] [ERROR] cache_get_value_name_int: field 'HouseSalePrice' not found
[13/08/2024 12:28:30 SA] [ERROR] cache_get_value_name_int: field 'HouseLock' not found
[13/08/2024 12:28:30 SA] [ERROR] cache_get_value_name_int: field 'HouseMoney' not found
[13/08/2024 12:32:24 SA] [ERROR] error #1054 while executing query "UPDATE `housefurnitures` SET `ModelID` = '78', `Name` = 'Nha Dang Rao Ban!', `Price` = '0', `SQLID` = '78', `HouseID` = '104', `ArrayID` = '97', `furnitureX` = '0.000000', `furnitureY` = '0.000000', `furnitureZ` = '0.000000', `furnitureRX` = '0.000000', `furnitureRY` = '0.000000', `furnitureRZ` = '0.000000' WHERE `furnitureid` = '1'": Unknown column 'ModelID' in 'field list'
[13/08/2024 12:32:24 SA] [ERROR] cache_get_row_count: no active cache
[13/08/2024 12:32:24 SA] [ERROR] cache_delete: invalid cache id '0'
[13/08/2024 12:33:12 SA] [ERROR] error #1054 while executing query "UPDATE `housefurnitures` SET `ModelID` = '78', `Name` = 'Nha Dang Rao Ban!', `Price` = '0', `SQLID` = '78', `HouseID` = '104', `ArrayID` = '97', `furnitureX` = '0.000000', `furnitureY` = '0.000000', `furnitureZ` = '0.000000', `furnitureRX` = '0.000000', `furnitureRY` = '0.000000', `furnitureRZ` = '0.000000' WHERE `furnitureid` = '2'": Unknown column 'ModelID' in 'field list'
[13/08/2024 12:33:12 SA] [ERROR] cache_get_row_count: no active cache
[13/08/2024 12:33:12 SA] [ERROR] cache_delete: invalid cache id '0'
[13/08/2024 12:37:08 SA] [ERROR] error #1054 while executing query "UPDATE `housefurnitures` SET `ModelID` = '78', `Name` = 'Nha Dang Rao Ban!', `Price` = '0', `SQLID` = '78', `HouseID` = '104', `ArrayID` = '97', `furnitureX` = '0.000000', `furnitureY` = '0.000000', `furnitureZ` = '0.000000', `furnitureRX` = '0.000000', `furnitureRY` = '0.000000', `furnitureRZ` = '0.000000' WHERE `furnitureid` = '2'": Unknown column 'ModelID' in 'field list'
[13/08/2024 12:37:08 SA] [ERROR] cache_get_row_count: no active cache
[13/08/2024 12:37:08 SA] [ERROR] cache_delete: invalid cache id '0'
[13/08/2024 12:40:12 SA] [ERROR] cache_get_value_name_int: value 'NULL' is not a number
[13/08/2024 12:40:12 SA] [ERROR] cache_get_value_name_int: value 'NULL' is not a number
[13/08/2024 12:40:12 SA] [ERROR] cache_get_value_name_int: value 'NULL' is not a number
[13/08/2024 12:40:12 SA] [ERROR] cache_get_value_name_int: value 'NULL' is not a number
[13/08/2024 12:40:12 SA] [ERROR] cache_get_value_name_int: value 'NULL' is not a number
[13/08/2024 12:40:12 SA] [ERROR] cache_get_value_name_int: value 'NULL' is not a number
[13/08/2024 12:40:12 SA] [ERROR] cache_get_value_name_int: value 'NULL' is not a number
[13/08/2024 12:40:12 SA] [ERROR] cache_get_value_name_int: value 'NULL' is not a number
[13/08/2024 12:40:12 SA] [ERROR] cache_get_value_name_int: value 'NULL' is not a number
[13/08/2024 12:40:12 SA] [ERROR] cache_get_value_name_int: value 'NULL' is not a number
[13/08/2024 12:40:12 SA] [ERROR] cache_get_value_name_int: value 'NULL' is not a number
[13/08/2024 12:40:12 SA] [ERROR] cache_get_value_name_int: value 'NULL' is not a number
[13/08/2024 12:40:12 SA] [ERROR] cache_get_value_name_int: value 'NULL' is not a number
[13/08/2024 12:40:12 SA] [ERROR] cache_get_value_name_int: value 'NULL' is not a number
[13/08/2024 12:40:12 SA] [ERROR] cache_get_value_name_int: value 'NULL' is not a number
[13/08/2024 12:40:12 SA] [ERROR] cache_get_value_name_int: value 'NULL' is not a number
[13/08/2024 12:40:12 SA] [ERROR] cache_get_value_name_int: value 'NULL' is not a number
[13/08/2024 12:40:12 SA] [ERROR] cache_get_value_name_int: value 'NULL' is not a number
[13/08/2024 12:40:12 SA] [ERROR] cache_get_value_name_int: value 'NULL' is not a number
[13/08/2024 12:40:12 SA] [ERROR] cache_get_value_name_int: value 'NULL' is not a number
[13/08/2024 12:40:12 SA] [ERROR] cache_get_value_name_int: value 'NULL' is not a number
[13/08/2024 12:40:12 SA] [ERROR] cache_get_value_name_int: value 'NULL' is not a number
[13/08/2024 12:40:12 SA] [ERROR] cache_get_value_name_int: value 'NULL' is not a number
[13/08/2024 12:40:12 SA] [ERROR] cache_get_value_name_int: value 'NULL' is not a number
[13/08/2024 12:40:12 SA] [ERROR] cache_get_value_name_int: value 'NULL' is not a number
[13/08/2024 12:40:12 SA] [ERROR] cache_get_value_name_int: value 'NULL' is not a number
[13/08/2024 12:40:12 SA] [ERROR] cache_get_value_name_int: value 'NULL' is not a number
[13/08/2024 12:40:12 SA] [ERROR] cache_get_value_name_int: value 'NULL' is not a number
[13/08/2024 12:40:12 SA] [ERROR] cache_get_value_name_int: value 'NULL' is not a number
[13/08/2024 12:40:12 SA] [ERROR] cache_get_value_name_int: value 'NULL' is not a number
[13/08/2024 12:40:12 SA] [ERROR] cache_get_value_name_int: value 'NULL' is not a number
[13/08/2024 12:40:12 SA] [ERROR] cache_get_value_name_int: value 'NULL' is not a number
[13/08/2024 12:40:12 SA] [ERROR] cache_get_value_name_int: value 'NULL' is not a number
[13/08/2024 12:40:12 SA] [ERROR] cache_get_value_name_int: value 'NULL' is not a number
[13/08/2024 12:40:12 SA] [ERROR] cache_get_value_name_int: value 'NULL' is not a number
[13/08/2024 12:40:12 SA] [ERROR] cache_get_value_name_int: value 'NULL' is not a number
[13/08/2024 12:40:12 SA] [ERROR] cache_get_value_name_float: value 'NULL' is not a number
[13/08/2024 12:40:12 SA] [ERROR] cache_get_value_name_float: value 'NULL' is not a number
[13/08/2024 12:40:12 SA] [ERROR] cache_get_value_name_float: value 'NULL' is not a number
[13/08/2024 12:40:12 SA] [ERROR] cache_get_value_name_int: value 'NULL' is not a number
[13/08/2024 12:40:12 SA] [ERROR] cache_get_value_name_int: value 'NULL' is not a number
[13/08/2024 12:40:12 SA] [ERROR] cache_get_value_name_int: value 'NULL' is not a number
[13/08/2024 12:40:12 SA] [ERROR] cache_get_value_name_int: value 'NULL' is not a number
[13/08/2024 12:40:12 SA] [ERROR] cache_get_value_name_int: value 'NULL' is not a number
[13/08/2024 12:40:12 SA] [ERROR] cache_get_value_name: field 'HouseName' not found
[13/08/2024 12:40:12 SA] [ERROR] cache_get_value_name: field 'HouseOwner' not found
[13/08/2024 12:40:12 SA] [ERROR] cache_get_value_name: field 'HousePassword' not found
[13/08/2024 12:40:12 SA] [ERROR] cache_get_value_name_float: field 'HouseX' not found
[13/08/2024 12:40:12 SA] [ERROR] cache_get_value_name_float: field 'HouseY' not found
[13/08/2024 12:40:12 SA] [ERROR] cache_get_value_name_float: field 'HouseZ' not found
[13/08/2024 12:40:12 SA] [ERROR] cache_get_value_name_int: field 'HouseSalePrice' not found
[13/08/2024 12:40:12 SA] [ERROR] cache_get_value_name_int: field 'HouseLock' not found
[13/08/2024 12:40:12 SA] [ERROR] cache_get_value_name_int: field 'HouseMoney' not found
[13/08/2024 12:40:12 SA] [ERROR] cache_get_value_name: field 'HouseName' not found
[13/08/2024 12:40:12 SA] [ERROR] cache_get_value_name: field 'HouseOwner' not found
[13/08/2024 12:40:12 SA] [ERROR] cache_get_value_name: field 'HousePassword' not found
[13/08/2024 12:40:12 SA] [ERROR] cache_get_value_name_float: field 'HouseX' not found
[13/08/2024 12:40:12 SA] [ERROR] cache_get_value_name_float: field 'HouseY' not found
[13/08/2024 12:40:12 SA] [ERROR] cache_get_value_name_float: field 'HouseZ' not found
[13/08/2024 12:40:12 SA] [ERROR] cache_get_value_name_int: field 'HouseSalePrice' not found
[13/08/2024 12:40:12 SA] [ERROR] cache_get_value_name_int: field 'HouseLock' not found
[13/08/2024 12:40:12 SA] [ERROR] cache_get_value_name_int: field 'HouseMoney' not found
[13/08/2024 12:40:12 SA] [ERROR] cache_get_value_name: field 'HouseName' not found
[13/08/2024 12:40:12 SA] [ERROR] cache_get_value_name: field 'HouseOwner' not found
[13/08/2024 12:40:12 SA] [ERROR] cache_get_value_name: field 'HousePassword' not found
[13/08/2024 12:40:12 SA] [ERROR] cache_get_value_name_float: field 'HouseX' not found
[13/08/2024 12:40:12 SA] [ERROR] cache_get_value_name_float: field 'HouseY' not found
[13/08/2024 12:40:12 SA] [ERROR] cache_get_value_name_float: field 'HouseZ' not found
[13/08/2024 12:40:12 SA] [ERROR] cache_get_value_name_int: field 'HouseSalePrice' not found
[13/08/2024 12:40:12 SA] [ERROR] cache_get_value_name_int: field 'HouseLock' not found
[13/08/2024 12:40:12 SA] [ERROR] cache_get_value_name_int: field 'HouseMoney' not found
[13/08/2024 12:40:50 SA] [ERROR] error #1054 while executing query "UPDATE `housefurnitures` SET `ModelID` = '78', `Name` = 'Nha Dang Rao Ban!', `Price` = '0', `SQLID` = '78', `HouseID` = '104', `ArrayID` = '97', `furnitureX` = '0.000000', `furnitureY` = '0.000000', `furnitureZ` = '0.000000', `furnitureRX` = '0.000000', `furnitureRY` = '0.000000', `furnitureRZ` = '0.000000' WHERE `furnitureid` = '3'": Unknown column 'ModelID' in 'field list'
[13/08/2024 12:40:50 SA] [ERROR] cache_get_row_count: no active cache
[13/08/2024 12:40:50 SA] [ERROR] cache_delete: invalid cache id '0'
[13/08/2024 12:41:01 SA] [ERROR] error #1054 while executing query "UPDATE `housefurnitures` SET `ModelID` = '78', `Name` = 'Nha Dang Rao Ban!', `Price` = '0', `SQLID` = '78', `HouseID` = '104', `ArrayID` = '97', `furnitureX` = '0.000000', `furnitureY` = '0.000000', `furnitureZ` = '0.000000', `furnitureRX` = '0.000000', `furnitureRY` = '0.000000', `furnitureRZ` = '0.000000' WHERE `furnitureid` = '3'": Unknown column 'ModelID' in 'field list'
[13/08/2024 12:41:01 SA] [ERROR] cache_get_row_count: no active cache
[13/08/2024 12:41:01 SA] [ERROR] cache_delete: invalid cache id '0'
[13/08/2024 12:41:34 SA] [ERROR] error #1364 while executing query "INSERT INTO housefurnitures SET HouseID=3, FurnitureID=11, FurnitureX=2319.324463, FurnitureY=-1021.982239, FurnitureZ=1050.210938, FurnitureVW=3, FurnitureInt=9": Field 'FurnitureRX' doesn't have a default value
[13/08/2024 12:41:34 SA] [ERROR] cache_insert_id: no active cache
[13/08/2024 12:41:34 SA] [ERROR] cache_delete: invalid cache id '0'
[13/08/2024 12:41:34 SA] [ERROR] error #1054 while executing query "UPDATE `housefurnitures` SET `ModelID` = '78', `Name` = 'Nha Dang Rao Ban!', `Price` = '0', `SQLID` = '78', `HouseID` = '104', `ArrayID` = '97', `furnitureX` = '0.000000', `furnitureY` = '0.000000', `furnitureZ` = '0.000000', `furnitureRX` = '0.000000', `furnitureRY` = '0.000000', `furnitureRZ` = '0.000000' WHERE `furnitureid` = '3'": Unknown column 'ModelID' in 'field list'
[13/08/2024 12:41:34 SA] [ERROR] cache_get_row_count: no active cache
[13/08/2024 12:41:34 SA] [ERROR] cache_delete: invalid cache id '0'
