[07/13/24 21:59:47] [plugins/mysql] cache_get_value_name_int: value 'NULL' is not a number (./modules/Server/Organization/_callback.pwn:15)
[07/13/24 21:59:47] [plugins/mysql] cache_get_value_name_int: value 'NULL' is not a number (./modules/Server/Organization/_callback.pwn:16)
[07/13/24 21:59:47] [plugins/mysql] cache_get_value_name_int: value 'NULL' is not a number (./modules/Server/Organization/_callback.pwn:29)
[07/13/24 21:59:47] [plugins/mysql] cache_get_value_name_int: value 'NULL' is not a number (./modules/Server/Organization/_callback.pwn:29)
[07/13/24 21:59:47] [plugins/mysql] cache_get_value_name_int: value 'NULL' is not a number (./modules/Server/Organization/_callback.pwn:29)
[07/13/24 21:59:47] [plugins/mysql] cache_get_value_name_int: value 'NULL' is not a number (./modules/Server/Organization/_callback.pwn:29)
[07/13/24 21:59:47] [plugins/mysql] cache_get_value_name_int: value 'NULL' is not a number (./modules/Server/Organization/_callback.pwn:29)
[07/13/24 21:59:47] [plugins/mysql] cache_get_value_name_int: value 'NULL' is not a number (./modules/Server/Organization/_callback.pwn:29)
[07/13/24 21:59:47] [plugins/mysql] cache_get_value_name_int: value 'NULL' is not a number (./modules/Server/Organization/_callback.pwn:29)
[07/13/24 21:59:47] [plugins/mysql] cache_get_value_name_int: value 'NULL' is not a number (./modules/Server/Organization/_callback.pwn:29)
[07/13/24 21:59:47] [plugins/mysql] cache_get_value_name_int: value 'NULL' is not a number (./modules/Server/Organization/_callback.pwn:29)
[07/13/24 21:59:47] [plugins/mysql] cache_get_value_name_int: value 'NULL' is not a number (./modules/Server/Organization/_callback.pwn:29)
[07/13/24 21:59:47] [plugins/mysql] cache_get_value_name_int: value 'NULL' is not a number (./modules/Server/Organization/_callback.pwn:15)
[07/13/24 21:59:47] [plugins/mysql] cache_get_value_name_int: value 'NULL' is not a number (./modules/Server/Organization/_callback.pwn:16)
[07/13/24 21:59:47] [plugins/mysql] cache_get_value_name_int: value 'NULL' is not a number (./modules/Server/Organization/_callback.pwn:29)
[07/13/24 21:59:47] [plugins/mysql] cache_get_value_name_int: value 'NULL' is not a number (./modules/Server/Organization/_callback.pwn:29)
[07/13/24 21:59:47] [plugins/mysql] cache_get_value_name_int: value 'NULL' is not a number (./modules/Server/Organization/_callback.pwn:29)
[07/13/24 21:59:47] [plugins/mysql] cache_get_value_name_int: value 'NULL' is not a number (./modules/Server/Organization/_callback.pwn:29)
[07/13/24 21:59:47] [plugins/mysql] cache_get_value_name_int: value 'NULL' is not a number (./modules/Server/Organization/_callback.pwn:29)
[07/13/24 21:59:47] [plugins/mysql] cache_get_value_name_int: value 'NULL' is not a number (./modules/Server/Organization/_callback.pwn:29)
[07/13/24 21:59:47] [plugins/mysql] cache_get_value_name_int: value 'NULL' is not a number (./modules/Server/Organization/_callback.pwn:29)
[07/13/24 21:59:47] [plugins/mysql] cache_get_value_name_int: value 'NULL' is not a number (./modules/Server/Organization/_callback.pwn:29)
[07/13/24 21:59:47] [plugins/mysql] cache_get_value_name_int: value 'NULL' is not a number (./modules/Server/Organization/_callback.pwn:29)
[07/13/24 21:59:47] [plugins/mysql] cache_get_value_name_int: value 'NULL' is not a number (./modules/Server/Organization/_callback.pwn:29)
[07/13/24 21:59:47] [plugins/mysql] cache_get_value_name_int: value 'NULL' is not a number (./modules/Server/Organization/_callback.pwn:15)
[07/13/24 21:59:47] [plugins/mysql] cache_get_value_name_int: value 'NULL' is not a number (./modules/Server/Organization/_callback.pwn:16)
[07/13/24 21:59:47] [plugins/mysql] cache_get_value_name_int: value 'NULL' is not a number (./modules/Server/Organization/_callback.pwn:29)
[07/13/24 21:59:47] [plugins/mysql] cache_get_value_name_int: value 'NULL' is not a number (./modules/Server/Organization/_callback.pwn:29)
[07/13/24 21:59:47] [plugins/mysql] cache_get_value_name_int: value 'NULL' is not a number (./modules/Server/Organization/_callback.pwn:29)
[07/13/24 21:59:47] [plugins/mysql] cache_get_value_name_int: value 'NULL' is not a number (./modules/Server/Organization/_callback.pwn:29)
[07/13/24 21:59:47] [plugins/mysql] cache_get_value_name_int: value 'NULL' is not a number (./modules/Server/Organization/_callback.pwn:29)
[07/13/24 21:59:47] [plugins/mysql] cache_get_value_name_int: value 'NULL' is not a number (./modules/Server/Organization/_callback.pwn:29)
[07/13/24 21:59:47] [plugins/mysql] cache_get_value_name_int: value 'NULL' is not a number (./modules/Server/Organization/_callback.pwn:29)
[07/13/24 21:59:47] [plugins/mysql] cache_get_value_name_int: value 'NULL' is not a number (./modules/Server/Organization/_callback.pwn:29)
[07/13/24 21:59:47] [plugins/mysql] cache_get_value_name_int: value 'NULL' is not a number (./modules/Server/Organization/_callback.pwn:29)
[07/13/24 21:59:47] [plugins/mysql] cache_get_value_name_int: value 'NULL' is not a number (./modules/Server/Organization/_callback.pwn:29)
[07/13/24 21:59:47] [plugins/mysql] cache_get_value_name_float: value 'NULL' is not a number (./modules/Server/dynamic/Biz/callback.pwn:22)
[07/13/24 21:59:47] [plugins/mysql] cache_get_value_name_float: value 'NULL' is not a number (./modules/Server/dynamic/Biz/callback.pwn:23)
[07/13/24 21:59:47] [plugins/mysql] cache_get_value_name_float: value 'NULL' is not a number (./modules/Server/dynamic/Biz/callback.pwn:24)
[07/13/24 21:59:47] [plugins/mysql] cache_get_value_name_int: value 'NULL' is not a number (./modules/Server/dynamic/Biz/callback.pwn:26)
[07/13/24 21:59:47] [plugins/mysql] cache_get_value_name_int: field 'ExVW' not found (./modules/Server/dynamic/Biz/callback.pwn:30)
[07/13/24 21:59:47] [plugins/mysql] cache_get_value_name_int: field 'InVW' not found (./modules/Server/dynamic/Biz/callback.pwn:31)
[07/13/24 21:59:47] [plugins/mysql] cache_get_value_name_int: field 'ExInterior' not found (./modules/Server/dynamic/Biz/callback.pwn:32)
[07/13/24 21:59:47] [plugins/mysql] cache_get_value_name_int: field 'InInterior' not found (./modules/Server/dynamic/Biz/callback.pwn:33)
[07/13/24 21:59:47] [plugins/mysql] error #1054 while executing query "UPDATE `biz` SET `Name` = '', `Type` = '1',`ExPosX` = '1929.000000',`ExPosY` = '-1776.119995',`ExPosZ` = '13.546900',`InPosX` = '0.000000',`InPosY` = '0.000000',`InPosZ` = '0.000000',`Locked` = '0',`OwnerName` = 'NULL',`ExVW` = '0',`InVW` = '0',`ExInterior` = '0',`InInterior` = '0'WHERE `id` = '0'": Unknown column 'ExVW' in 'field list' (./modules/Server/dynamic/Biz/func.pwn:35 -> ./modules/Server/dynamic/Biz/callback.pwn:35)
[07/13/24 22:34:10] [plugins/discord-connector] Can't read from Discord websocket gateway: The network connection was aborted by the local system (1236)
[07/13/24 22:34:10] [plugins/discord-connector] Can't write to Discord websocket gateway: The I/O operation has been aborted because of either a thread exit or an application request (995)
[07/13/24 22:34:21] [plugins/discord-connector] Can't resolve Discord gateway URL 'gateway.discord.gg': No such host is known (11001)
[07/14/24 07:21:19] [plugins/discord-connector] Can't read from Discord websocket gateway: An existing connection was forcibly closed by the remote host (10054)
[07/14/24 10:36:59] [plugins/discord-connector] Can't resolve Discord gateway URL 'gateway.discord.gg': This is usually a temporary error during hostname resolution and means that the local server did not receive a response from an authoritative server (11002)
[07/15/24 11:36:15] [plugins/discord-connector] Can't resolve Discord gateway URL 'gateway.discord.gg': No such host is known (11001)
[07/15/24 11:45:18] [plugins/discord-connector] can't update guild member presence: user id "1014742746268962819" not cached
[07/15/24 11:45:20] [plugins/discord-connector] can't update guild member presence: user id "1014742746268962819" not cached
[07/15/24 11:45:20] [plugins/discord-connector] can't update guild member presence: user id "1014742746268962819" not cached
[07/15/24 11:47:18] [plugins/discord-connector] can't update guild member presence: user id "1014742746268962819" not cached
[07/15/24 12:11:31] [plugins/discord-connector] can't update guild member presence: user id "1014742746268962819" not cached
